[0.773s] Invoking command in '/home/sally/Desktop/thesis/digi_twins/robot/src/twin_bringup': CONDA_PROMPT_MODIFIER=(base) PYTHONPATH=/home/sally/Desktop/thesis/digi_twins/robot/build/twin_bringup/prefix_override:/usr/lib/python3/dist-packages/colcon_core/task/python/colcon_distutils_commands:/home/sally/Desktop/thesis/digi_twins/robot/install/twin_bringup/lib/python3.12/site-packages:${PYTHONPATH} /usr/bin/python3 -W ignore:setup.py install is deprecated -W ignore:easy_install command is deprecated setup.py egg_info --egg-base ../../build/twin_bringup build --build-base /home/sally/Desktop/thesis/digi_twins/robot/build/twin_bringup/build install --record /home/sally/Desktop/thesis/digi_twins/robot/build/twin_bringup/install.log --single-version-externally-managed install_data
[1.043s] running egg_info
[1.063s] writing ../../build/twin_bringup/twin_bringup.egg-info/PKG-INFO
[1.063s] writing dependency_links to ../../build/twin_bringup/twin_bringup.egg-info/dependency_links.txt
[1.063s] writing requirements to ../../build/twin_bringup/twin_bringup.egg-info/requires.txt
[1.064s] writing top-level names to ../../build/twin_bringup/twin_bringup.egg-info/top_level.txt
[1.107s] reading manifest file '../../build/twin_bringup/twin_bringup.egg-info/SOURCES.txt'
[1.107s] writing manifest file '../../build/twin_bringup/twin_bringup.egg-info/SOURCES.txt'
[1.107s] running build
[1.107s] running build_py
[1.107s] running install
[1.114s] running install_lib
[1.136s] running install_data
[1.136s] copying launch/robot.launch.py -> /home/sally/Desktop/thesis/digi_twins/robot/install/twin_bringup/share/twin_bringup/launch
[1.136s] running install_egg_info
[1.158s] removing '/home/sally/Desktop/thesis/digi_twins/robot/install/twin_bringup/lib/python3.12/site-packages/twin_bringup-0.1.0-py3.12.egg-info' (and everything under it)
[1.159s] Copying ../../build/twin_bringup/twin_bringup.egg-info to /home/sally/Desktop/thesis/digi_twins/robot/install/twin_bringup/lib/python3.12/site-packages/twin_bringup-0.1.0-py3.12.egg-info
[1.159s] running install_scripts
[1.294s] writing list of installed files to '/home/sally/Desktop/thesis/digi_twins/robot/build/twin_bringup/install.log'
[1.321s] Invoked command in '/home/sally/Desktop/thesis/digi_twins/robot/src/twin_bringup' returned '0': CONDA_PROMPT_MODIFIER=(base) PYTHONPATH=/home/sally/Desktop/thesis/digi_twins/robot/build/twin_bringup/prefix_override:/usr/lib/python3/dist-packages/colcon_core/task/python/colcon_distutils_commands:/home/sally/Desktop/thesis/digi_twins/robot/install/twin_bringup/lib/python3.12/site-packages:${PYTHONPATH} /usr/bin/python3 -W ignore:setup.py install is deprecated -W ignore:easy_install command is deprecated setup.py egg_info --egg-base ../../build/twin_bringup build --build-base /home/sally/Desktop/thesis/digi_twins/robot/build/twin_bringup/build install --record /home/sally/Desktop/thesis/digi_twins/robot/build/twin_bringup/install.log --single-version-externally-managed install_data
