[1.562s] Invoking command in '/home/sally/Desktop/thesis/digi_twins/twin_control': CONDA_PROMPT_MODIFIER=(base) PYTHONPATH=/home/sally/Desktop/thesis/digi_twins/build/twin_control/prefix_override:/usr/lib/python3/dist-packages/colcon_core/task/python/colcon_distutils_commands:/home/sally/Desktop/thesis/digi_twins/install/twin_control/lib/python3.12/site-packages:${PYTHONPATH} /usr/bin/python3 -W ignore:setup.py install is deprecated -W ignore:easy_install command is deprecated setup.py egg_info --egg-base ../build/twin_control build --build-base /home/sally/Desktop/thesis/digi_twins/build/twin_control/build install --record /home/sally/Desktop/thesis/digi_twins/build/twin_control/install.log --single-version-externally-managed install_data
[1.863s] running egg_info
[1.863s] creating ../build/twin_control/twin_control.egg-info
[1.885s] writing ../build/twin_control/twin_control.egg-info/PKG-INFO
[1.885s] writing dependency_links to ../build/twin_control/twin_control.egg-info/dependency_links.txt
[1.886s] writing requirements to ../build/twin_control/twin_control.egg-info/requires.txt
[1.886s] writing top-level names to ../build/twin_control/twin_control.egg-info/top_level.txt
[1.886s] writing manifest file '../build/twin_control/twin_control.egg-info/SOURCES.txt'
[1.933s] reading manifest file '../build/twin_control/twin_control.egg-info/SOURCES.txt'
[1.933s] writing manifest file '../build/twin_control/twin_control.egg-info/SOURCES.txt'
[1.933s] running build
[1.934s] running build_py
[1.934s] creating /home/sally/Desktop/thesis/digi_twins/build/twin_control/build
[1.934s] creating /home/sally/Desktop/thesis/digi_twins/build/twin_control/build/lib
[1.934s] creating /home/sally/Desktop/thesis/digi_twins/build/twin_control/build/lib/twin_control
[1.934s] copying twin_control/__init__.py -> /home/sally/Desktop/thesis/digi_twins/build/twin_control/build/lib/twin_control
[1.934s] running install
[1.940s] running install_lib
[1.963s] creating /home/sally/Desktop/thesis/digi_twins/install/twin_control/lib/python3.12/site-packages/twin_control
[1.963s] copying /home/sally/Desktop/thesis/digi_twins/build/twin_control/build/lib/twin_control/__init__.py -> /home/sally/Desktop/thesis/digi_twins/install/twin_control/lib/python3.12/site-packages/twin_control
[1.963s] byte-compiling /home/sally/Desktop/thesis/digi_twins/install/twin_control/lib/python3.12/site-packages/twin_control/__init__.py to __init__.cpython-312.pyc
[1.964s] running install_data
[1.964s] creating /home/sally/Desktop/thesis/digi_twins/install/twin_control/share/ament_index
[1.964s] creating /home/sally/Desktop/thesis/digi_twins/install/twin_control/share/ament_index/resource_index
[1.964s] creating /home/sally/Desktop/thesis/digi_twins/install/twin_control/share/ament_index/resource_index/packages
[1.964s] copying resource/twin_control -> /home/sally/Desktop/thesis/digi_twins/install/twin_control/share/ament_index/resource_index/packages
[1.964s] copying package.xml -> /home/sally/Desktop/thesis/digi_twins/install/twin_control/share/twin_control
[1.964s] creating /home/sally/Desktop/thesis/digi_twins/install/twin_control/share/twin_control/launch
[1.965s] creating /home/sally/Desktop/thesis/digi_twins/install/twin_control/share/twin_control/config
[1.965s] running install_egg_info
[1.987s] Copying ../build/twin_control/twin_control.egg-info to /home/sally/Desktop/thesis/digi_twins/install/twin_control/lib/python3.12/site-packages/twin_control-0.1.0-py3.12.egg-info
[1.988s] running install_scripts
[2.132s] writing list of installed files to '/home/sally/Desktop/thesis/digi_twins/build/twin_control/install.log'
[2.169s] Invoked command in '/home/sally/Desktop/thesis/digi_twins/twin_control' returned '0': CONDA_PROMPT_MODIFIER=(base) PYTHONPATH=/home/sally/Desktop/thesis/digi_twins/build/twin_control/prefix_override:/usr/lib/python3/dist-packages/colcon_core/task/python/colcon_distutils_commands:/home/sally/Desktop/thesis/digi_twins/install/twin_control/lib/python3.12/site-packages:${PYTHONPATH} /usr/bin/python3 -W ignore:setup.py install is deprecated -W ignore:easy_install command is deprecated setup.py egg_info --egg-base ../build/twin_control build --build-base /home/sally/Desktop/thesis/digi_twins/build/twin_control/build install --record /home/sally/Desktop/thesis/digi_twins/build/twin_control/install.log --single-version-externally-managed install_data
