running egg_info
creating ../../build/twin_bringup/twin_bringup.egg-info
writing ../../build/twin_bringup/twin_bringup.egg-info/PKG-INFO
writing dependency_links to ../../build/twin_bringup/twin_bringup.egg-info/dependency_links.txt
writing requirements to ../../build/twin_bringup/twin_bringup.egg-info/requires.txt
writing top-level names to ../../build/twin_bringup/twin_bringup.egg-info/top_level.txt
writing manifest file '../../build/twin_bringup/twin_bringup.egg-info/SOURCES.txt'
reading manifest file '../../build/twin_bringup/twin_bringup.egg-info/SOURCES.txt'
writing manifest file '../../build/twin_bringup/twin_bringup.egg-info/SOURCES.txt'
running build
running build_py
creating /home/sally/Desktop/thesis/digi_twins/robot/build/twin_bringup/build
creating /home/sally/Desktop/thesis/digi_twins/robot/build/twin_bringup/build/lib
creating /home/sally/Desktop/thesis/digi_twins/robot/build/twin_bringup/build/lib/twin_bringup
copying twin_bringup/__init__.py -> /home/sally/Desktop/thesis/digi_twins/robot/build/twin_bringup/build/lib/twin_bringup
running install
running install_lib
creating /home/sally/Desktop/thesis/digi_twins/robot/install/twin_bringup/lib/python3.12/site-packages/twin_bringup
copying /home/sally/Desktop/thesis/digi_twins/robot/build/twin_bringup/build/lib/twin_bringup/__init__.py -> /home/sally/Desktop/thesis/digi_twins/robot/install/twin_bringup/lib/python3.12/site-packages/twin_bringup
byte-compiling /home/sally/Desktop/thesis/digi_twins/robot/install/twin_bringup/lib/python3.12/site-packages/twin_bringup/__init__.py to __init__.cpython-312.pyc
running install_data
creating /home/sally/Desktop/thesis/digi_twins/robot/install/twin_bringup/share/ament_index
creating /home/sally/Desktop/thesis/digi_twins/robot/install/twin_bringup/share/ament_index/resource_index
creating /home/sally/Desktop/thesis/digi_twins/robot/install/twin_bringup/share/ament_index/resource_index/packages
copying resource/twin_bringup -> /home/sally/Desktop/thesis/digi_twins/robot/install/twin_bringup/share/ament_index/resource_index/packages
copying package.xml -> /home/sally/Desktop/thesis/digi_twins/robot/install/twin_bringup/share/twin_bringup
creating /home/sally/Desktop/thesis/digi_twins/robot/install/twin_bringup/share/twin_bringup/launch
copying launch/robot.launch.py -> /home/sally/Desktop/thesis/digi_twins/robot/install/twin_bringup/share/twin_bringup/launch
creating /home/sally/Desktop/thesis/digi_twins/robot/install/twin_bringup/share/twin_bringup/config
running install_egg_info
Copying ../../build/twin_bringup/twin_bringup.egg-info to /home/sally/Desktop/thesis/digi_twins/robot/install/twin_bringup/lib/python3.12/site-packages/twin_bringup-0.1.0-py3.12.egg-info
running install_scripts
writing list of installed files to '/home/sally/Desktop/thesis/digi_twins/robot/build/twin_bringup/install.log'
