[0.098s] DEBUG:colcon:Command line arguments: ['/usr/bin/colcon', 'build']
[0.098s] DEBUG:colcon:Parsed command line arguments: Namespace(log_base=None, log_level=None, verb_name='build', build_base='build', install_base='install', merge_install=False, symlink_install=False, test_result_base=None, continue_on_error=False, executor='parallel', parallel_workers=12, event_handlers=None, ignore_user_meta=False, metas=['./colcon.meta'], base_paths=['.'], packages_ignore=None, packages_ignore_regex=None, paths=None, packages_up_to=None, packages_up_to_regex=None, packages_above=None, packages_above_and_dependencies=None, packages_above_depth=None, packages_select_by_dep=None, packages_skip_by_dep=None, packages_skip_up_to=None, packages_select_build_failed=False, packages_skip_build_finished=False, packages_select_test_failures=False, packages_skip_test_passed=False, packages_select=None, packages_skip=None, packages_select_regex=None, packages_skip_regex=None, packages_start=None, packages_end=None, allow_overriding=[], cmake_args=None, cmake_target=None, cmake_target_skip_unavailable=False, cmake_clean_cache=False, cmake_clean_first=False, cmake_force_configure=False, ament_cmake_args=None, catkin_cmake_args=None, catkin_skip_building_tests=False, mixin_files=None, mixin=None, verb_parser=<colcon_mixin.mixin.mixin_argument.MixinArgumentDecorator object at 0x750beab84ef0>, verb_extension=<colcon_core.verb.build.BuildVerb object at 0x750beab847a0>, main=<bound method BuildVerb.main of <colcon_core.verb.build.BuildVerb object at 0x750beab847a0>>, mixin_verb=('build',))
[0.131s] Level 1:colcon.colcon_core.package_discovery:discover_packages(colcon_meta) check parameters
[0.132s] Level 1:colcon.colcon_core.package_discovery:discover_packages(recursive) check parameters
[0.132s] Level 1:colcon.colcon_core.package_discovery:discover_packages(ignore) check parameters
[0.132s] Level 1:colcon.colcon_core.package_discovery:discover_packages(path) check parameters
[0.132s] Level 1:colcon.colcon_core.package_discovery:discover_packages(colcon_meta) discover
[0.132s] Level 1:colcon.colcon_core.package_discovery:discover_packages(recursive) discover
[0.132s] INFO:colcon.colcon_core.package_discovery:Crawling recursively for packages in '/home/sally/Desktop/thesis/digi_twins'
[0.132s] Level 1:colcon.colcon_core.package_identification:_identify(.) by extensions ['ignore', 'ignore_ament_install']
[0.132s] Level 1:colcon.colcon_core.package_identification:_identify(.) by extension 'ignore'
[0.132s] Level 1:colcon.colcon_core.package_identification:_identify(.) by extension 'ignore_ament_install'
[0.132s] Level 1:colcon.colcon_core.package_identification:_identify(.) by extensions ['colcon_pkg']
[0.132s] Level 1:colcon.colcon_core.package_identification:_identify(.) by extension 'colcon_pkg'
[0.132s] Level 1:colcon.colcon_core.package_identification:_identify(.) by extensions ['colcon_meta']
[0.132s] Level 1:colcon.colcon_core.package_identification:_identify(.) by extension 'colcon_meta'
[0.132s] Level 1:colcon.colcon_core.package_identification:_identify(.) by extensions ['ros']
[0.132s] Level 1:colcon.colcon_core.package_identification:_identify(.) by extension 'ros'
[0.155s] Level 1:colcon.colcon_core.package_identification:_identify(.) by extensions ['cmake', 'python']
[0.155s] Level 1:colcon.colcon_core.package_identification:_identify(.) by extension 'cmake'
[0.155s] Level 1:colcon.colcon_core.package_identification:_identify(.) by extension 'python'
[0.155s] Level 1:colcon.colcon_core.package_identification:_identify(.) by extensions ['python_setup_py']
[0.155s] Level 1:colcon.colcon_core.package_identification:_identify(.) by extension 'python_setup_py'
[0.155s] Level 1:colcon.colcon_core.package_identification:_identify(build) by extensions ['ignore', 'ignore_ament_install']
[0.155s] Level 1:colcon.colcon_core.package_identification:_identify(build) by extension 'ignore'
[0.155s] Level 1:colcon.colcon_core.package_identification:_identify(build) ignored
[0.156s] Level 1:colcon.colcon_core.package_identification:_identify(docker) by extensions ['ignore', 'ignore_ament_install']
[0.156s] Level 1:colcon.colcon_core.package_identification:_identify(docker) by extension 'ignore'
[0.156s] Level 1:colcon.colcon_core.package_identification:_identify(docker) by extension 'ignore_ament_install'
[0.156s] Level 1:colcon.colcon_core.package_identification:_identify(docker) by extensions ['colcon_pkg']
[0.156s] Level 1:colcon.colcon_core.package_identification:_identify(docker) by extension 'colcon_pkg'
[0.156s] Level 1:colcon.colcon_core.package_identification:_identify(docker) by extensions ['colcon_meta']
[0.156s] Level 1:colcon.colcon_core.package_identification:_identify(docker) by extension 'colcon_meta'
[0.156s] Level 1:colcon.colcon_core.package_identification:_identify(docker) by extensions ['ros']
[0.156s] Level 1:colcon.colcon_core.package_identification:_identify(docker) by extension 'ros'
[0.156s] Level 1:colcon.colcon_core.package_identification:_identify(docker) by extensions ['cmake', 'python']
[0.156s] Level 1:colcon.colcon_core.package_identification:_identify(docker) by extension 'cmake'
[0.156s] Level 1:colcon.colcon_core.package_identification:_identify(docker) by extension 'python'
[0.156s] Level 1:colcon.colcon_core.package_identification:_identify(docker) by extensions ['python_setup_py']
[0.156s] Level 1:colcon.colcon_core.package_identification:_identify(docker) by extension 'python_setup_py'
[0.156s] Level 1:colcon.colcon_core.package_identification:_identify(docker/ml) by extensions ['ignore', 'ignore_ament_install']
[0.156s] Level 1:colcon.colcon_core.package_identification:_identify(docker/ml) by extension 'ignore'
[0.156s] Level 1:colcon.colcon_core.package_identification:_identify(docker/ml) by extension 'ignore_ament_install'
[0.156s] Level 1:colcon.colcon_core.package_identification:_identify(docker/ml) by extensions ['colcon_pkg']
[0.156s] Level 1:colcon.colcon_core.package_identification:_identify(docker/ml) by extension 'colcon_pkg'
[0.157s] Level 1:colcon.colcon_core.package_identification:_identify(docker/ml) by extensions ['colcon_meta']
[0.157s] Level 1:colcon.colcon_core.package_identification:_identify(docker/ml) by extension 'colcon_meta'
[0.157s] Level 1:colcon.colcon_core.package_identification:_identify(docker/ml) by extensions ['ros']
[0.157s] Level 1:colcon.colcon_core.package_identification:_identify(docker/ml) by extension 'ros'
[0.157s] Level 1:colcon.colcon_core.package_identification:_identify(docker/ml) by extensions ['cmake', 'python']
[0.157s] Level 1:colcon.colcon_core.package_identification:_identify(docker/ml) by extension 'cmake'
[0.157s] Level 1:colcon.colcon_core.package_identification:_identify(docker/ml) by extension 'python'
[0.157s] Level 1:colcon.colcon_core.package_identification:_identify(docker/ml) by extensions ['python_setup_py']
[0.157s] Level 1:colcon.colcon_core.package_identification:_identify(docker/ml) by extension 'python_setup_py'
[0.157s] Level 1:colcon.colcon_core.package_identification:_identify(docker/ros2) by extensions ['ignore', 'ignore_ament_install']
[0.157s] Level 1:colcon.colcon_core.package_identification:_identify(docker/ros2) by extension 'ignore'
[0.157s] Level 1:colcon.colcon_core.package_identification:_identify(docker/ros2) by extension 'ignore_ament_install'
[0.157s] Level 1:colcon.colcon_core.package_identification:_identify(docker/ros2) by extensions ['colcon_pkg']
[0.157s] Level 1:colcon.colcon_core.package_identification:_identify(docker/ros2) by extension 'colcon_pkg'
[0.157s] Level 1:colcon.colcon_core.package_identification:_identify(docker/ros2) by extensions ['colcon_meta']
[0.157s] Level 1:colcon.colcon_core.package_identification:_identify(docker/ros2) by extension 'colcon_meta'
[0.157s] Level 1:colcon.colcon_core.package_identification:_identify(docker/ros2) by extensions ['ros']
[0.157s] Level 1:colcon.colcon_core.package_identification:_identify(docker/ros2) by extension 'ros'
[0.157s] Level 1:colcon.colcon_core.package_identification:_identify(docker/ros2) by extensions ['cmake', 'python']
[0.157s] Level 1:colcon.colcon_core.package_identification:_identify(docker/ros2) by extension 'cmake'
[0.157s] Level 1:colcon.colcon_core.package_identification:_identify(docker/ros2) by extension 'python'
[0.157s] Level 1:colcon.colcon_core.package_identification:_identify(docker/ros2) by extensions ['python_setup_py']
[0.157s] Level 1:colcon.colcon_core.package_identification:_identify(docker/ros2) by extension 'python_setup_py'
[0.158s] Level 1:colcon.colcon_core.package_identification:_identify(docker/tests) by extensions ['ignore', 'ignore_ament_install']
[0.158s] Level 1:colcon.colcon_core.package_identification:_identify(docker/tests) by extension 'ignore'
[0.158s] Level 1:colcon.colcon_core.package_identification:_identify(docker/tests) by extension 'ignore_ament_install'
[0.158s] Level 1:colcon.colcon_core.package_identification:_identify(docker/tests) by extensions ['colcon_pkg']
[0.158s] Level 1:colcon.colcon_core.package_identification:_identify(docker/tests) by extension 'colcon_pkg'
[0.158s] Level 1:colcon.colcon_core.package_identification:_identify(docker/tests) by extensions ['colcon_meta']
[0.158s] Level 1:colcon.colcon_core.package_identification:_identify(docker/tests) by extension 'colcon_meta'
[0.158s] Level 1:colcon.colcon_core.package_identification:_identify(docker/tests) by extensions ['ros']
[0.158s] Level 1:colcon.colcon_core.package_identification:_identify(docker/tests) by extension 'ros'
[0.158s] Level 1:colcon.colcon_core.package_identification:_identify(docker/tests) by extensions ['cmake', 'python']
[0.158s] Level 1:colcon.colcon_core.package_identification:_identify(docker/tests) by extension 'cmake'
[0.158s] Level 1:colcon.colcon_core.package_identification:_identify(docker/tests) by extension 'python'
[0.158s] Level 1:colcon.colcon_core.package_identification:_identify(docker/tests) by extensions ['python_setup_py']
[0.158s] Level 1:colcon.colcon_core.package_identification:_identify(docker/tests) by extension 'python_setup_py'
[0.158s] Level 1:colcon.colcon_core.package_identification:_identify(docs) by extensions ['ignore', 'ignore_ament_install']
[0.158s] Level 1:colcon.colcon_core.package_identification:_identify(docs) by extension 'ignore'
[0.158s] Level 1:colcon.colcon_core.package_identification:_identify(docs) by extension 'ignore_ament_install'
[0.158s] Level 1:colcon.colcon_core.package_identification:_identify(docs) by extensions ['colcon_pkg']
[0.158s] Level 1:colcon.colcon_core.package_identification:_identify(docs) by extension 'colcon_pkg'
[0.158s] Level 1:colcon.colcon_core.package_identification:_identify(docs) by extensions ['colcon_meta']
[0.158s] Level 1:colcon.colcon_core.package_identification:_identify(docs) by extension 'colcon_meta'
[0.158s] Level 1:colcon.colcon_core.package_identification:_identify(docs) by extensions ['ros']
[0.159s] Level 1:colcon.colcon_core.package_identification:_identify(docs) by extension 'ros'
[0.159s] Level 1:colcon.colcon_core.package_identification:_identify(docs) by extensions ['cmake', 'python']
[0.159s] Level 1:colcon.colcon_core.package_identification:_identify(docs) by extension 'cmake'
[0.159s] Level 1:colcon.colcon_core.package_identification:_identify(docs) by extension 'python'
[0.159s] Level 1:colcon.colcon_core.package_identification:_identify(docs) by extensions ['python_setup_py']
[0.159s] Level 1:colcon.colcon_core.package_identification:_identify(docs) by extension 'python_setup_py'
[0.159s] Level 1:colcon.colcon_core.package_identification:_identify(docs/figures) by extensions ['ignore', 'ignore_ament_install']
[0.159s] Level 1:colcon.colcon_core.package_identification:_identify(docs/figures) by extension 'ignore'
[0.159s] Level 1:colcon.colcon_core.package_identification:_identify(docs/figures) by extension 'ignore_ament_install'
[0.159s] Level 1:colcon.colcon_core.package_identification:_identify(docs/figures) by extensions ['colcon_pkg']
[0.159s] Level 1:colcon.colcon_core.package_identification:_identify(docs/figures) by extension 'colcon_pkg'
[0.159s] Level 1:colcon.colcon_core.package_identification:_identify(docs/figures) by extensions ['colcon_meta']
[0.159s] Level 1:colcon.colcon_core.package_identification:_identify(docs/figures) by extension 'colcon_meta'
[0.159s] Level 1:colcon.colcon_core.package_identification:_identify(docs/figures) by extensions ['ros']
[0.159s] Level 1:colcon.colcon_core.package_identification:_identify(docs/figures) by extension 'ros'
[0.159s] Level 1:colcon.colcon_core.package_identification:_identify(docs/figures) by extensions ['cmake', 'python']
[0.159s] Level 1:colcon.colcon_core.package_identification:_identify(docs/figures) by extension 'cmake'
[0.159s] Level 1:colcon.colcon_core.package_identification:_identify(docs/figures) by extension 'python'
[0.159s] Level 1:colcon.colcon_core.package_identification:_identify(docs/figures) by extensions ['python_setup_py']
[0.159s] Level 1:colcon.colcon_core.package_identification:_identify(docs/figures) by extension 'python_setup_py'
[0.159s] Level 1:colcon.colcon_core.package_identification:_identify(docs/writing) by extensions ['ignore', 'ignore_ament_install']
[0.160s] Level 1:colcon.colcon_core.package_identification:_identify(docs/writing) by extension 'ignore'
[0.160s] Level 1:colcon.colcon_core.package_identification:_identify(docs/writing) by extension 'ignore_ament_install'
[0.160s] Level 1:colcon.colcon_core.package_identification:_identify(docs/writing) by extensions ['colcon_pkg']
[0.160s] Level 1:colcon.colcon_core.package_identification:_identify(docs/writing) by extension 'colcon_pkg'
[0.160s] Level 1:colcon.colcon_core.package_identification:_identify(docs/writing) by extensions ['colcon_meta']
[0.160s] Level 1:colcon.colcon_core.package_identification:_identify(docs/writing) by extension 'colcon_meta'
[0.160s] Level 1:colcon.colcon_core.package_identification:_identify(docs/writing) by extensions ['ros']
[0.160s] Level 1:colcon.colcon_core.package_identification:_identify(docs/writing) by extension 'ros'
[0.160s] Level 1:colcon.colcon_core.package_identification:_identify(docs/writing) by extensions ['cmake', 'python']
[0.160s] Level 1:colcon.colcon_core.package_identification:_identify(docs/writing) by extension 'cmake'
[0.160s] Level 1:colcon.colcon_core.package_identification:_identify(docs/writing) by extension 'python'
[0.160s] Level 1:colcon.colcon_core.package_identification:_identify(docs/writing) by extensions ['python_setup_py']
[0.160s] Level 1:colcon.colcon_core.package_identification:_identify(docs/writing) by extension 'python_setup_py'
[0.160s] Level 1:colcon.colcon_core.package_identification:_identify(install) by extensions ['ignore', 'ignore_ament_install']
[0.160s] Level 1:colcon.colcon_core.package_identification:_identify(install) by extension 'ignore'
[0.160s] Level 1:colcon.colcon_core.package_identification:_identify(install) ignored
[0.160s] Level 1:colcon.colcon_core.package_identification:_identify(jetson) by extensions ['ignore', 'ignore_ament_install']
[0.160s] Level 1:colcon.colcon_core.package_identification:_identify(jetson) by extension 'ignore'
[0.160s] Level 1:colcon.colcon_core.package_identification:_identify(jetson) by extension 'ignore_ament_install'
[0.160s] Level 1:colcon.colcon_core.package_identification:_identify(jetson) by extensions ['colcon_pkg']
[0.160s] Level 1:colcon.colcon_core.package_identification:_identify(jetson) by extension 'colcon_pkg'
[0.161s] Level 1:colcon.colcon_core.package_identification:_identify(jetson) by extensions ['colcon_meta']
[0.161s] Level 1:colcon.colcon_core.package_identification:_identify(jetson) by extension 'colcon_meta'
[0.161s] Level 1:colcon.colcon_core.package_identification:_identify(jetson) by extensions ['ros']
[0.161s] Level 1:colcon.colcon_core.package_identification:_identify(jetson) by extension 'ros'
[0.161s] Level 1:colcon.colcon_core.package_identification:_identify(jetson) by extensions ['cmake', 'python']
[0.161s] Level 1:colcon.colcon_core.package_identification:_identify(jetson) by extension 'cmake'
[0.161s] Level 1:colcon.colcon_core.package_identification:_identify(jetson) by extension 'python'
[0.161s] Level 1:colcon.colcon_core.package_identification:_identify(jetson) by extensions ['python_setup_py']
[0.161s] Level 1:colcon.colcon_core.package_identification:_identify(jetson) by extension 'python_setup_py'
[0.161s] Level 1:colcon.colcon_core.package_identification:_identify(jetson/benchmarks) by extensions ['ignore', 'ignore_ament_install']
[0.161s] Level 1:colcon.colcon_core.package_identification:_identify(jetson/benchmarks) by extension 'ignore'
[0.161s] Level 1:colcon.colcon_core.package_identification:_identify(jetson/benchmarks) by extension 'ignore_ament_install'
[0.161s] Level 1:colcon.colcon_core.package_identification:_identify(jetson/benchmarks) by extensions ['colcon_pkg']
[0.161s] Level 1:colcon.colcon_core.package_identification:_identify(jetson/benchmarks) by extension 'colcon_pkg'
[0.161s] Level 1:colcon.colcon_core.package_identification:_identify(jetson/benchmarks) by extensions ['colcon_meta']
[0.161s] Level 1:colcon.colcon_core.package_identification:_identify(jetson/benchmarks) by extension 'colcon_meta'
[0.161s] Level 1:colcon.colcon_core.package_identification:_identify(jetson/benchmarks) by extensions ['ros']
[0.161s] Level 1:colcon.colcon_core.package_identification:_identify(jetson/benchmarks) by extension 'ros'
[0.161s] Level 1:colcon.colcon_core.package_identification:_identify(jetson/benchmarks) by extensions ['cmake', 'python']
[0.161s] Level 1:colcon.colcon_core.package_identification:_identify(jetson/benchmarks) by extension 'cmake'
[0.161s] Level 1:colcon.colcon_core.package_identification:_identify(jetson/benchmarks) by extension 'python'
[0.161s] Level 1:colcon.colcon_core.package_identification:_identify(jetson/benchmarks) by extensions ['python_setup_py']
[0.161s] Level 1:colcon.colcon_core.package_identification:_identify(jetson/benchmarks) by extension 'python_setup_py'
[0.161s] Level 1:colcon.colcon_core.package_identification:_identify(log) by extensions ['ignore', 'ignore_ament_install']
[0.162s] Level 1:colcon.colcon_core.package_identification:_identify(log) by extension 'ignore'
[0.162s] Level 1:colcon.colcon_core.package_identification:_identify(log) ignored
[0.162s] Level 1:colcon.colcon_core.package_identification:_identify(ml) by extensions ['ignore', 'ignore_ament_install']
[0.162s] Level 1:colcon.colcon_core.package_identification:_identify(ml) by extension 'ignore'
[0.162s] Level 1:colcon.colcon_core.package_identification:_identify(ml) by extension 'ignore_ament_install'
[0.162s] Level 1:colcon.colcon_core.package_identification:_identify(ml) by extensions ['colcon_pkg']
[0.162s] Level 1:colcon.colcon_core.package_identification:_identify(ml) by extension 'colcon_pkg'
[0.162s] Level 1:colcon.colcon_core.package_identification:_identify(ml) by extensions ['colcon_meta']
[0.162s] Level 1:colcon.colcon_core.package_identification:_identify(ml) by extension 'colcon_meta'
[0.162s] Level 1:colcon.colcon_core.package_identification:_identify(ml) by extensions ['ros']
[0.162s] Level 1:colcon.colcon_core.package_identification:_identify(ml) by extension 'ros'
[0.162s] Level 1:colcon.colcon_core.package_identification:_identify(ml) by extensions ['cmake', 'python']
[0.162s] Level 1:colcon.colcon_core.package_identification:_identify(ml) by extension 'cmake'
[0.162s] Level 1:colcon.colcon_core.package_identification:_identify(ml) by extension 'python'
[0.162s] Level 1:colcon.colcon_core.package_identification:_identify(ml) by extensions ['python_setup_py']
[0.162s] Level 1:colcon.colcon_core.package_identification:_identify(ml) by extension 'python_setup_py'
[0.162s] Level 1:colcon.colcon_core.package_identification:_identify(ml/anomaly) by extensions ['ignore', 'ignore_ament_install']
[0.162s] Level 1:colcon.colcon_core.package_identification:_identify(ml/anomaly) by extension 'ignore'
[0.162s] Level 1:colcon.colcon_core.package_identification:_identify(ml/anomaly) by extension 'ignore_ament_install'
[0.162s] Level 1:colcon.colcon_core.package_identification:_identify(ml/anomaly) by extensions ['colcon_pkg']
[0.162s] Level 1:colcon.colcon_core.package_identification:_identify(ml/anomaly) by extension 'colcon_pkg'
[0.163s] Level 1:colcon.colcon_core.package_identification:_identify(ml/anomaly) by extensions ['colcon_meta']
[0.163s] Level 1:colcon.colcon_core.package_identification:_identify(ml/anomaly) by extension 'colcon_meta'
[0.163s] Level 1:colcon.colcon_core.package_identification:_identify(ml/anomaly) by extensions ['ros']
[0.163s] Level 1:colcon.colcon_core.package_identification:_identify(ml/anomaly) by extension 'ros'
[0.163s] Level 1:colcon.colcon_core.package_identification:_identify(ml/anomaly) by extensions ['cmake', 'python']
[0.163s] Level 1:colcon.colcon_core.package_identification:_identify(ml/anomaly) by extension 'cmake'
[0.163s] Level 1:colcon.colcon_core.package_identification:_identify(ml/anomaly) by extension 'python'
[0.163s] Level 1:colcon.colcon_core.package_identification:_identify(ml/anomaly) by extensions ['python_setup_py']
[0.163s] Level 1:colcon.colcon_core.package_identification:_identify(ml/anomaly) by extension 'python_setup_py'
[0.163s] Level 1:colcon.colcon_core.package_identification:_identify(ml/data) by extensions ['ignore', 'ignore_ament_install']
[0.163s] Level 1:colcon.colcon_core.package_identification:_identify(ml/data) by extension 'ignore'
[0.163s] Level 1:colcon.colcon_core.package_identification:_identify(ml/data) by extension 'ignore_ament_install'
[0.163s] Level 1:colcon.colcon_core.package_identification:_identify(ml/data) by extensions ['colcon_pkg']
[0.163s] Level 1:colcon.colcon_core.package_identification:_identify(ml/data) by extension 'colcon_pkg'
[0.163s] Level 1:colcon.colcon_core.package_identification:_identify(ml/data) by extensions ['colcon_meta']
[0.163s] Level 1:colcon.colcon_core.package_identification:_identify(ml/data) by extension 'colcon_meta'
[0.163s] Level 1:colcon.colcon_core.package_identification:_identify(ml/data) by extensions ['ros']
[0.163s] Level 1:colcon.colcon_core.package_identification:_identify(ml/data) by extension 'ros'
[0.163s] Level 1:colcon.colcon_core.package_identification:_identify(ml/data) by extensions ['cmake', 'python']
[0.163s] Level 1:colcon.colcon_core.package_identification:_identify(ml/data) by extension 'cmake'
[0.163s] Level 1:colcon.colcon_core.package_identification:_identify(ml/data) by extension 'python'
[0.163s] Level 1:colcon.colcon_core.package_identification:_identify(ml/data) by extensions ['python_setup_py']
[0.163s] Level 1:colcon.colcon_core.package_identification:_identify(ml/data) by extension 'python_setup_py'
[0.163s] Level 1:colcon.colcon_core.package_identification:_identify(ml/rl) by extensions ['ignore', 'ignore_ament_install']
[0.164s] Level 1:colcon.colcon_core.package_identification:_identify(ml/rl) by extension 'ignore'
[0.164s] Level 1:colcon.colcon_core.package_identification:_identify(ml/rl) by extension 'ignore_ament_install'
[0.164s] Level 1:colcon.colcon_core.package_identification:_identify(ml/rl) by extensions ['colcon_pkg']
[0.164s] Level 1:colcon.colcon_core.package_identification:_identify(ml/rl) by extension 'colcon_pkg'
[0.164s] Level 1:colcon.colcon_core.package_identification:_identify(ml/rl) by extensions ['colcon_meta']
[0.164s] Level 1:colcon.colcon_core.package_identification:_identify(ml/rl) by extension 'colcon_meta'
[0.164s] Level 1:colcon.colcon_core.package_identification:_identify(ml/rl) by extensions ['ros']
[0.164s] Level 1:colcon.colcon_core.package_identification:_identify(ml/rl) by extension 'ros'
[0.164s] Level 1:colcon.colcon_core.package_identification:_identify(ml/rl) by extensions ['cmake', 'python']
[0.164s] Level 1:colcon.colcon_core.package_identification:_identify(ml/rl) by extension 'cmake'
[0.164s] Level 1:colcon.colcon_core.package_identification:_identify(ml/rl) by extension 'python'
[0.164s] Level 1:colcon.colcon_core.package_identification:_identify(ml/rl) by extensions ['python_setup_py']
[0.164s] Level 1:colcon.colcon_core.package_identification:_identify(ml/rl) by extension 'python_setup_py'
[0.164s] Level 1:colcon.colcon_core.package_identification:_identify(notebooks) by extensions ['ignore', 'ignore_ament_install']
[0.164s] Level 1:colcon.colcon_core.package_identification:_identify(notebooks) by extension 'ignore'
[0.164s] Level 1:colcon.colcon_core.package_identification:_identify(notebooks) by extension 'ignore_ament_install'
[0.164s] Level 1:colcon.colcon_core.package_identification:_identify(notebooks) by extensions ['colcon_pkg']
[0.164s] Level 1:colcon.colcon_core.package_identification:_identify(notebooks) by extension 'colcon_pkg'
[0.164s] Level 1:colcon.colcon_core.package_identification:_identify(notebooks) by extensions ['colcon_meta']
[0.164s] Level 1:colcon.colcon_core.package_identification:_identify(notebooks) by extension 'colcon_meta'
[0.164s] Level 1:colcon.colcon_core.package_identification:_identify(notebooks) by extensions ['ros']
[0.164s] Level 1:colcon.colcon_core.package_identification:_identify(notebooks) by extension 'ros'
[0.164s] Level 1:colcon.colcon_core.package_identification:_identify(notebooks) by extensions ['cmake', 'python']
[0.164s] Level 1:colcon.colcon_core.package_identification:_identify(notebooks) by extension 'cmake'
[0.165s] Level 1:colcon.colcon_core.package_identification:_identify(notebooks) by extension 'python'
[0.165s] Level 1:colcon.colcon_core.package_identification:_identify(notebooks) by extensions ['python_setup_py']
[0.165s] Level 1:colcon.colcon_core.package_identification:_identify(notebooks) by extension 'python_setup_py'
[0.165s] Level 1:colcon.colcon_core.package_identification:_identify(robot) by extensions ['ignore', 'ignore_ament_install']
[0.165s] Level 1:colcon.colcon_core.package_identification:_identify(robot) by extension 'ignore'
[0.165s] Level 1:colcon.colcon_core.package_identification:_identify(robot) by extension 'ignore_ament_install'
[0.165s] Level 1:colcon.colcon_core.package_identification:_identify(robot) by extensions ['colcon_pkg']
[0.165s] Level 1:colcon.colcon_core.package_identification:_identify(robot) by extension 'colcon_pkg'
[0.165s] Level 1:colcon.colcon_core.package_identification:_identify(robot) by extensions ['colcon_meta']
[0.165s] Level 1:colcon.colcon_core.package_identification:_identify(robot) by extension 'colcon_meta'
[0.165s] Level 1:colcon.colcon_core.package_identification:_identify(robot) by extensions ['ros']
[0.165s] Level 1:colcon.colcon_core.package_identification:_identify(robot) by extension 'ros'
[0.165s] Level 1:colcon.colcon_core.package_identification:_identify(robot) by extensions ['cmake', 'python']
[0.165s] Level 1:colcon.colcon_core.package_identification:_identify(robot) by extension 'cmake'
[0.165s] Level 1:colcon.colcon_core.package_identification:_identify(robot) by extension 'python'
[0.165s] Level 1:colcon.colcon_core.package_identification:_identify(robot) by extensions ['python_setup_py']
[0.165s] Level 1:colcon.colcon_core.package_identification:_identify(robot) by extension 'python_setup_py'
[0.165s] Level 1:colcon.colcon_core.package_identification:_identify(robot/bags) by extensions ['ignore', 'ignore_ament_install']
[0.165s] Level 1:colcon.colcon_core.package_identification:_identify(robot/bags) by extension 'ignore'
[0.165s] Level 1:colcon.colcon_core.package_identification:_identify(robot/bags) by extension 'ignore_ament_install'
[0.165s] Level 1:colcon.colcon_core.package_identification:_identify(robot/bags) by extensions ['colcon_pkg']
[0.165s] Level 1:colcon.colcon_core.package_identification:_identify(robot/bags) by extension 'colcon_pkg'
[0.166s] Level 1:colcon.colcon_core.package_identification:_identify(robot/bags) by extensions ['colcon_meta']
[0.166s] Level 1:colcon.colcon_core.package_identification:_identify(robot/bags) by extension 'colcon_meta'
[0.166s] Level 1:colcon.colcon_core.package_identification:_identify(robot/bags) by extensions ['ros']
[0.166s] Level 1:colcon.colcon_core.package_identification:_identify(robot/bags) by extension 'ros'
[0.166s] Level 1:colcon.colcon_core.package_identification:_identify(robot/bags) by extensions ['cmake', 'python']
[0.166s] Level 1:colcon.colcon_core.package_identification:_identify(robot/bags) by extension 'cmake'
[0.166s] Level 1:colcon.colcon_core.package_identification:_identify(robot/bags) by extension 'python'
[0.166s] Level 1:colcon.colcon_core.package_identification:_identify(robot/bags) by extensions ['python_setup_py']
[0.166s] Level 1:colcon.colcon_core.package_identification:_identify(robot/bags) by extension 'python_setup_py'
[0.166s] Level 1:colcon.colcon_core.package_identification:_identify(robot/config) by extensions ['ignore', 'ignore_ament_install']
[0.166s] Level 1:colcon.colcon_core.package_identification:_identify(robot/config) by extension 'ignore'
[0.166s] Level 1:colcon.colcon_core.package_identification:_identify(robot/config) by extension 'ignore_ament_install'
[0.166s] Level 1:colcon.colcon_core.package_identification:_identify(robot/config) by extensions ['colcon_pkg']
[0.166s] Level 1:colcon.colcon_core.package_identification:_identify(robot/config) by extension 'colcon_pkg'
[0.166s] Level 1:colcon.colcon_core.package_identification:_identify(robot/config) by extensions ['colcon_meta']
[0.166s] Level 1:colcon.colcon_core.package_identification:_identify(robot/config) by extension 'colcon_meta'
[0.166s] Level 1:colcon.colcon_core.package_identification:_identify(robot/config) by extensions ['ros']
[0.166s] Level 1:colcon.colcon_core.package_identification:_identify(robot/config) by extension 'ros'
[0.166s] Level 1:colcon.colcon_core.package_identification:_identify(robot/config) by extensions ['cmake', 'python']
[0.166s] Level 1:colcon.colcon_core.package_identification:_identify(robot/config) by extension 'cmake'
[0.166s] Level 1:colcon.colcon_core.package_identification:_identify(robot/config) by extension 'python'
[0.166s] Level 1:colcon.colcon_core.package_identification:_identify(robot/config) by extensions ['python_setup_py']
[0.166s] Level 1:colcon.colcon_core.package_identification:_identify(robot/config) by extension 'python_setup_py'
[0.167s] Level 1:colcon.colcon_core.package_identification:_identify(robot/src) by extensions ['ignore', 'ignore_ament_install']
[0.167s] Level 1:colcon.colcon_core.package_identification:_identify(robot/src) by extension 'ignore'
[0.167s] Level 1:colcon.colcon_core.package_identification:_identify(robot/src) by extension 'ignore_ament_install'
[0.167s] Level 1:colcon.colcon_core.package_identification:_identify(robot/src) by extensions ['colcon_pkg']
[0.167s] Level 1:colcon.colcon_core.package_identification:_identify(robot/src) by extension 'colcon_pkg'
[0.167s] Level 1:colcon.colcon_core.package_identification:_identify(robot/src) by extensions ['colcon_meta']
[0.167s] Level 1:colcon.colcon_core.package_identification:_identify(robot/src) by extension 'colcon_meta'
[0.167s] Level 1:colcon.colcon_core.package_identification:_identify(robot/src) by extensions ['ros']
[0.167s] Level 1:colcon.colcon_core.package_identification:_identify(robot/src) by extension 'ros'
[0.167s] Level 1:colcon.colcon_core.package_identification:_identify(robot/src) by extensions ['cmake', 'python']
[0.167s] Level 1:colcon.colcon_core.package_identification:_identify(robot/src) by extension 'cmake'
[0.167s] Level 1:colcon.colcon_core.package_identification:_identify(robot/src) by extension 'python'
[0.167s] Level 1:colcon.colcon_core.package_identification:_identify(robot/src) by extensions ['python_setup_py']
[0.167s] Level 1:colcon.colcon_core.package_identification:_identify(robot/src) by extension 'python_setup_py'
[0.167s] Level 1:colcon.colcon_core.package_identification:_identify(scripts) by extensions ['ignore', 'ignore_ament_install']
[0.167s] Level 1:colcon.colcon_core.package_identification:_identify(scripts) by extension 'ignore'
[0.167s] Level 1:colcon.colcon_core.package_identification:_identify(scripts) by extension 'ignore_ament_install'
[0.167s] Level 1:colcon.colcon_core.package_identification:_identify(scripts) by extensions ['colcon_pkg']
[0.167s] Level 1:colcon.colcon_core.package_identification:_identify(scripts) by extension 'colcon_pkg'
[0.167s] Level 1:colcon.colcon_core.package_identification:_identify(scripts) by extensions ['colcon_meta']
[0.167s] Level 1:colcon.colcon_core.package_identification:_identify(scripts) by extension 'colcon_meta'
[0.167s] Level 1:colcon.colcon_core.package_identification:_identify(scripts) by extensions ['ros']
[0.167s] Level 1:colcon.colcon_core.package_identification:_identify(scripts) by extension 'ros'
[0.168s] Level 1:colcon.colcon_core.package_identification:_identify(scripts) by extensions ['cmake', 'python']
[0.168s] Level 1:colcon.colcon_core.package_identification:_identify(scripts) by extension 'cmake'
[0.168s] Level 1:colcon.colcon_core.package_identification:_identify(scripts) by extension 'python'
[0.168s] Level 1:colcon.colcon_core.package_identification:_identify(scripts) by extensions ['python_setup_py']
[0.168s] Level 1:colcon.colcon_core.package_identification:_identify(scripts) by extension 'python_setup_py'
[0.168s] Level 1:colcon.colcon_core.package_identification:_identify(scripts/eval) by extensions ['ignore', 'ignore_ament_install']
[0.168s] Level 1:colcon.colcon_core.package_identification:_identify(scripts/eval) by extension 'ignore'
[0.168s] Level 1:colcon.colcon_core.package_identification:_identify(scripts/eval) by extension 'ignore_ament_install'
[0.168s] Level 1:colcon.colcon_core.package_identification:_identify(scripts/eval) by extensions ['colcon_pkg']
[0.168s] Level 1:colcon.colcon_core.package_identification:_identify(scripts/eval) by extension 'colcon_pkg'
[0.168s] Level 1:colcon.colcon_core.package_identification:_identify(scripts/eval) by extensions ['colcon_meta']
[0.168s] Level 1:colcon.colcon_core.package_identification:_identify(scripts/eval) by extension 'colcon_meta'
[0.168s] Level 1:colcon.colcon_core.package_identification:_identify(scripts/eval) by extensions ['ros']
[0.168s] Level 1:colcon.colcon_core.package_identification:_identify(scripts/eval) by extension 'ros'
[0.168s] Level 1:colcon.colcon_core.package_identification:_identify(scripts/eval) by extensions ['cmake', 'python']
[0.168s] Level 1:colcon.colcon_core.package_identification:_identify(scripts/eval) by extension 'cmake'
[0.168s] Level 1:colcon.colcon_core.package_identification:_identify(scripts/eval) by extension 'python'
[0.168s] Level 1:colcon.colcon_core.package_identification:_identify(scripts/eval) by extensions ['python_setup_py']
[0.168s] Level 1:colcon.colcon_core.package_identification:_identify(scripts/eval) by extension 'python_setup_py'
[0.168s] Level 1:colcon.colcon_core.package_identification:_identify(scripts/install) by extensions ['ignore', 'ignore_ament_install']
[0.168s] Level 1:colcon.colcon_core.package_identification:_identify(scripts/install) by extension 'ignore'
[0.168s] Level 1:colcon.colcon_core.package_identification:_identify(scripts/install) by extension 'ignore_ament_install'
[0.169s] Level 1:colcon.colcon_core.package_identification:_identify(scripts/install) by extensions ['colcon_pkg']
[0.169s] Level 1:colcon.colcon_core.package_identification:_identify(scripts/install) by extension 'colcon_pkg'
[0.169s] Level 1:colcon.colcon_core.package_identification:_identify(scripts/install) by extensions ['colcon_meta']
[0.169s] Level 1:colcon.colcon_core.package_identification:_identify(scripts/install) by extension 'colcon_meta'
[0.169s] Level 1:colcon.colcon_core.package_identification:_identify(scripts/install) by extensions ['ros']
[0.169s] Level 1:colcon.colcon_core.package_identification:_identify(scripts/install) by extension 'ros'
[0.169s] Level 1:colcon.colcon_core.package_identification:_identify(scripts/install) by extensions ['cmake', 'python']
[0.169s] Level 1:colcon.colcon_core.package_identification:_identify(scripts/install) by extension 'cmake'
[0.169s] Level 1:colcon.colcon_core.package_identification:_identify(scripts/install) by extension 'python'
[0.169s] Level 1:colcon.colcon_core.package_identification:_identify(scripts/install) by extensions ['python_setup_py']
[0.169s] Level 1:colcon.colcon_core.package_identification:_identify(scripts/install) by extension 'python_setup_py'
[0.169s] Level 1:colcon.colcon_core.package_identification:_identify(sim) by extensions ['ignore', 'ignore_ament_install']
[0.169s] Level 1:colcon.colcon_core.package_identification:_identify(sim) by extension 'ignore'
[0.169s] Level 1:colcon.colcon_core.package_identification:_identify(sim) by extension 'ignore_ament_install'
[0.169s] Level 1:colcon.colcon_core.package_identification:_identify(sim) by extensions ['colcon_pkg']
[0.169s] Level 1:colcon.colcon_core.package_identification:_identify(sim) by extension 'colcon_pkg'
[0.169s] Level 1:colcon.colcon_core.package_identification:_identify(sim) by extensions ['colcon_meta']
[0.169s] Level 1:colcon.colcon_core.package_identification:_identify(sim) by extension 'colcon_meta'
[0.169s] Level 1:colcon.colcon_core.package_identification:_identify(sim) by extensions ['ros']
[0.169s] Level 1:colcon.colcon_core.package_identification:_identify(sim) by extension 'ros'
[0.169s] Level 1:colcon.colcon_core.package_identification:_identify(sim) by extensions ['cmake', 'python']
[0.169s] Level 1:colcon.colcon_core.package_identification:_identify(sim) by extension 'cmake'
[0.169s] Level 1:colcon.colcon_core.package_identification:_identify(sim) by extension 'python'
[0.169s] Level 1:colcon.colcon_core.package_identification:_identify(sim) by extensions ['python_setup_py']
[0.170s] Level 1:colcon.colcon_core.package_identification:_identify(sim) by extension 'python_setup_py'
[0.170s] Level 1:colcon.colcon_core.package_identification:_identify(sim/launch) by extensions ['ignore', 'ignore_ament_install']
[0.170s] Level 1:colcon.colcon_core.package_identification:_identify(sim/launch) by extension 'ignore'
[0.170s] Level 1:colcon.colcon_core.package_identification:_identify(sim/launch) by extension 'ignore_ament_install'
[0.170s] Level 1:colcon.colcon_core.package_identification:_identify(sim/launch) by extensions ['colcon_pkg']
[0.170s] Level 1:colcon.colcon_core.package_identification:_identify(sim/launch) by extension 'colcon_pkg'
[0.170s] Level 1:colcon.colcon_core.package_identification:_identify(sim/launch) by extensions ['colcon_meta']
[0.170s] Level 1:colcon.colcon_core.package_identification:_identify(sim/launch) by extension 'colcon_meta'
[0.170s] Level 1:colcon.colcon_core.package_identification:_identify(sim/launch) by extensions ['ros']
[0.170s] Level 1:colcon.colcon_core.package_identification:_identify(sim/launch) by extension 'ros'
[0.170s] Level 1:colcon.colcon_core.package_identification:_identify(sim/launch) by extensions ['cmake', 'python']
[0.170s] Level 1:colcon.colcon_core.package_identification:_identify(sim/launch) by extension 'cmake'
[0.170s] Level 1:colcon.colcon_core.package_identification:_identify(sim/launch) by extension 'python'
[0.170s] Level 1:colcon.colcon_core.package_identification:_identify(sim/launch) by extensions ['python_setup_py']
[0.170s] Level 1:colcon.colcon_core.package_identification:_identify(sim/launch) by extension 'python_setup_py'
[0.170s] Level 1:colcon.colcon_core.package_identification:_identify(sim/urdf) by extensions ['ignore', 'ignore_ament_install']
[0.170s] Level 1:colcon.colcon_core.package_identification:_identify(sim/urdf) by extension 'ignore'
[0.170s] Level 1:colcon.colcon_core.package_identification:_identify(sim/urdf) by extension 'ignore_ament_install'
[0.170s] Level 1:colcon.colcon_core.package_identification:_identify(sim/urdf) by extensions ['colcon_pkg']
[0.170s] Level 1:colcon.colcon_core.package_identification:_identify(sim/urdf) by extension 'colcon_pkg'
[0.170s] Level 1:colcon.colcon_core.package_identification:_identify(sim/urdf) by extensions ['colcon_meta']
[0.170s] Level 1:colcon.colcon_core.package_identification:_identify(sim/urdf) by extension 'colcon_meta'
[0.171s] Level 1:colcon.colcon_core.package_identification:_identify(sim/urdf) by extensions ['ros']
[0.171s] Level 1:colcon.colcon_core.package_identification:_identify(sim/urdf) by extension 'ros'
[0.171s] Level 1:colcon.colcon_core.package_identification:_identify(sim/urdf) by extensions ['cmake', 'python']
[0.171s] Level 1:colcon.colcon_core.package_identification:_identify(sim/urdf) by extension 'cmake'
[0.171s] Level 1:colcon.colcon_core.package_identification:_identify(sim/urdf) by extension 'python'
[0.171s] Level 1:colcon.colcon_core.package_identification:_identify(sim/urdf) by extensions ['python_setup_py']
[0.171s] Level 1:colcon.colcon_core.package_identification:_identify(sim/urdf) by extension 'python_setup_py'
[0.171s] Level 1:colcon.colcon_core.package_identification:_identify(sim/world) by extensions ['ignore', 'ignore_ament_install']
[0.171s] Level 1:colcon.colcon_core.package_identification:_identify(sim/world) by extension 'ignore'
[0.171s] Level 1:colcon.colcon_core.package_identification:_identify(sim/world) by extension 'ignore_ament_install'
[0.171s] Level 1:colcon.colcon_core.package_identification:_identify(sim/world) by extensions ['colcon_pkg']
[0.171s] Level 1:colcon.colcon_core.package_identification:_identify(sim/world) by extension 'colcon_pkg'
[0.171s] Level 1:colcon.colcon_core.package_identification:_identify(sim/world) by extensions ['colcon_meta']
[0.171s] Level 1:colcon.colcon_core.package_identification:_identify(sim/world) by extension 'colcon_meta'
[0.171s] Level 1:colcon.colcon_core.package_identification:_identify(sim/world) by extensions ['ros']
[0.171s] Level 1:colcon.colcon_core.package_identification:_identify(sim/world) by extension 'ros'
[0.171s] Level 1:colcon.colcon_core.package_identification:_identify(sim/world) by extensions ['cmake', 'python']
[0.171s] Level 1:colcon.colcon_core.package_identification:_identify(sim/world) by extension 'cmake'
[0.171s] Level 1:colcon.colcon_core.package_identification:_identify(sim/world) by extension 'python'
[0.171s] Level 1:colcon.colcon_core.package_identification:_identify(sim/world) by extensions ['python_setup_py']
[0.171s] Level 1:colcon.colcon_core.package_identification:_identify(sim/world) by extension 'python_setup_py'
[0.171s] Level 1:colcon.colcon_core.package_identification:_identify(sim/world/urdf) by extensions ['ignore', 'ignore_ament_install']
[0.172s] Level 1:colcon.colcon_core.package_identification:_identify(sim/world/urdf) by extension 'ignore'
[0.172s] Level 1:colcon.colcon_core.package_identification:_identify(sim/world/urdf) by extension 'ignore_ament_install'
[0.172s] Level 1:colcon.colcon_core.package_identification:_identify(sim/world/urdf) by extensions ['colcon_pkg']
[0.172s] Level 1:colcon.colcon_core.package_identification:_identify(sim/world/urdf) by extension 'colcon_pkg'
[0.172s] Level 1:colcon.colcon_core.package_identification:_identify(sim/world/urdf) by extensions ['colcon_meta']
[0.172s] Level 1:colcon.colcon_core.package_identification:_identify(sim/world/urdf) by extension 'colcon_meta'
[0.172s] Level 1:colcon.colcon_core.package_identification:_identify(sim/world/urdf) by extensions ['ros']
[0.172s] Level 1:colcon.colcon_core.package_identification:_identify(sim/world/urdf) by extension 'ros'
[0.172s] Level 1:colcon.colcon_core.package_identification:_identify(sim/world/urdf) by extensions ['cmake', 'python']
[0.172s] Level 1:colcon.colcon_core.package_identification:_identify(sim/world/urdf) by extension 'cmake'
[0.172s] Level 1:colcon.colcon_core.package_identification:_identify(sim/world/urdf) by extension 'python'
[0.172s] Level 1:colcon.colcon_core.package_identification:_identify(sim/world/urdf) by extensions ['python_setup_py']
[0.172s] Level 1:colcon.colcon_core.package_identification:_identify(sim/world/urdf) by extension 'python_setup_py'
[0.172s] Level 1:colcon.colcon_core.package_identification:_identify(tests) by extensions ['ignore', 'ignore_ament_install']
[0.172s] Level 1:colcon.colcon_core.package_identification:_identify(tests) by extension 'ignore'
[0.172s] Level 1:colcon.colcon_core.package_identification:_identify(tests) by extension 'ignore_ament_install'
[0.172s] Level 1:colcon.colcon_core.package_identification:_identify(tests) by extensions ['colcon_pkg']
[0.172s] Level 1:colcon.colcon_core.package_identification:_identify(tests) by extension 'colcon_pkg'
[0.172s] Level 1:colcon.colcon_core.package_identification:_identify(tests) by extensions ['colcon_meta']
[0.172s] Level 1:colcon.colcon_core.package_identification:_identify(tests) by extension 'colcon_meta'
[0.172s] Level 1:colcon.colcon_core.package_identification:_identify(tests) by extensions ['ros']
[0.172s] Level 1:colcon.colcon_core.package_identification:_identify(tests) by extension 'ros'
[0.172s] Level 1:colcon.colcon_core.package_identification:_identify(tests) by extensions ['cmake', 'python']
[0.173s] Level 1:colcon.colcon_core.package_identification:_identify(tests) by extension 'cmake'
[0.173s] Level 1:colcon.colcon_core.package_identification:_identify(tests) by extension 'python'
[0.173s] Level 1:colcon.colcon_core.package_identification:_identify(tests) by extensions ['python_setup_py']
[0.173s] Level 1:colcon.colcon_core.package_identification:_identify(tests) by extension 'python_setup_py'
[0.173s] Level 1:colcon.colcon_core.package_identification:_identify(twin_bringup) by extensions ['ignore', 'ignore_ament_install']
[0.173s] Level 1:colcon.colcon_core.package_identification:_identify(twin_bringup) by extension 'ignore'
[0.173s] Level 1:colcon.colcon_core.package_identification:_identify(twin_bringup) by extension 'ignore_ament_install'
[0.173s] Level 1:colcon.colcon_core.package_identification:_identify(twin_bringup) by extensions ['colcon_pkg']
[0.173s] Level 1:colcon.colcon_core.package_identification:_identify(twin_bringup) by extension 'colcon_pkg'
[0.173s] Level 1:colcon.colcon_core.package_identification:_identify(twin_bringup) by extensions ['colcon_meta']
[0.173s] Level 1:colcon.colcon_core.package_identification:_identify(twin_bringup) by extension 'colcon_meta'
[0.173s] Level 1:colcon.colcon_core.package_identification:_identify(twin_bringup) by extensions ['ros']
[0.173s] Level 1:colcon.colcon_core.package_identification:_identify(twin_bringup) by extension 'ros'
[0.183s] DEBUG:colcon.colcon_core.package_identification:Package 'twin_bringup' with type 'ros.ament_python' and name 'twin_bringup'
[0.183s] Level 1:colcon.colcon_core.package_identification:_identify(twin_control) by extensions ['ignore', 'ignore_ament_install']
[0.183s] Level 1:colcon.colcon_core.package_identification:_identify(twin_control) by extension 'ignore'
[0.183s] Level 1:colcon.colcon_core.package_identification:_identify(twin_control) by extension 'ignore_ament_install'
[0.183s] Level 1:colcon.colcon_core.package_identification:_identify(twin_control) by extensions ['colcon_pkg']
[0.184s] Level 1:colcon.colcon_core.package_identification:_identify(twin_control) by extension 'colcon_pkg'
[0.184s] Level 1:colcon.colcon_core.package_identification:_identify(twin_control) by extensions ['colcon_meta']
[0.184s] Level 1:colcon.colcon_core.package_identification:_identify(twin_control) by extension 'colcon_meta'
[0.184s] Level 1:colcon.colcon_core.package_identification:_identify(twin_control) by extensions ['ros']
[0.184s] Level 1:colcon.colcon_core.package_identification:_identify(twin_control) by extension 'ros'
[0.184s] DEBUG:colcon.colcon_core.package_identification:Package 'twin_control' with type 'ros.ament_python' and name 'twin_control'
[0.184s] Level 1:colcon.colcon_core.package_identification:_identify(twin_description) by extensions ['ignore', 'ignore_ament_install']
[0.184s] Level 1:colcon.colcon_core.package_identification:_identify(twin_description) by extension 'ignore'
[0.184s] Level 1:colcon.colcon_core.package_identification:_identify(twin_description) by extension 'ignore_ament_install'
[0.184s] Level 1:colcon.colcon_core.package_identification:_identify(twin_description) by extensions ['colcon_pkg']
[0.184s] Level 1:colcon.colcon_core.package_identification:_identify(twin_description) by extension 'colcon_pkg'
[0.184s] Level 1:colcon.colcon_core.package_identification:_identify(twin_description) by extensions ['colcon_meta']
[0.184s] Level 1:colcon.colcon_core.package_identification:_identify(twin_description) by extension 'colcon_meta'
[0.184s] Level 1:colcon.colcon_core.package_identification:_identify(twin_description) by extensions ['ros']
[0.184s] Level 1:colcon.colcon_core.package_identification:_identify(twin_description) by extension 'ros'
[0.185s] DEBUG:colcon.colcon_core.package_identification:Package 'twin_description' with type 'ros.ament_python' and name 'twin_description'
[0.185s] Level 1:colcon.colcon_core.package_identification:_identify(twin_simulation) by extensions ['ignore', 'ignore_ament_install']
[0.185s] Level 1:colcon.colcon_core.package_identification:_identify(twin_simulation) by extension 'ignore'
[0.185s] Level 1:colcon.colcon_core.package_identification:_identify(twin_simulation) by extension 'ignore_ament_install'
[0.185s] Level 1:colcon.colcon_core.package_identification:_identify(twin_simulation) by extensions ['colcon_pkg']
[0.185s] Level 1:colcon.colcon_core.package_identification:_identify(twin_simulation) by extension 'colcon_pkg'
[0.185s] Level 1:colcon.colcon_core.package_identification:_identify(twin_simulation) by extensions ['colcon_meta']
[0.185s] Level 1:colcon.colcon_core.package_identification:_identify(twin_simulation) by extension 'colcon_meta'
[0.185s] Level 1:colcon.colcon_core.package_identification:_identify(twin_simulation) by extensions ['ros']
[0.185s] Level 1:colcon.colcon_core.package_identification:_identify(twin_simulation) by extension 'ros'
[0.185s] DEBUG:colcon.colcon_core.package_identification:Package 'twin_simulation' with type 'ros.ament_python' and name 'twin_simulation'
[0.186s] Level 1:colcon.colcon_core.package_identification:_identify(utils) by extensions ['ignore', 'ignore_ament_install']
[0.186s] Level 1:colcon.colcon_core.package_identification:_identify(utils) by extension 'ignore'
[0.186s] Level 1:colcon.colcon_core.package_identification:_identify(utils) by extension 'ignore_ament_install'
[0.186s] Level 1:colcon.colcon_core.package_identification:_identify(utils) by extensions ['colcon_pkg']
[0.186s] Level 1:colcon.colcon_core.package_identification:_identify(utils) by extension 'colcon_pkg'
[0.186s] Level 1:colcon.colcon_core.package_identification:_identify(utils) by extensions ['colcon_meta']
[0.186s] Level 1:colcon.colcon_core.package_identification:_identify(utils) by extension 'colcon_meta'
[0.186s] Level 1:colcon.colcon_core.package_identification:_identify(utils) by extensions ['ros']
[0.186s] Level 1:colcon.colcon_core.package_identification:_identify(utils) by extension 'ros'
[0.186s] Level 1:colcon.colcon_core.package_identification:_identify(utils) by extensions ['cmake', 'python']
[0.186s] Level 1:colcon.colcon_core.package_identification:_identify(utils) by extension 'cmake'
[0.186s] Level 1:colcon.colcon_core.package_identification:_identify(utils) by extension 'python'
[0.186s] Level 1:colcon.colcon_core.package_identification:_identify(utils) by extensions ['python_setup_py']
[0.186s] Level 1:colcon.colcon_core.package_identification:_identify(utils) by extension 'python_setup_py'
[0.186s] Level 1:colcon.colcon_core.package_discovery:discover_packages(recursive) using defaults
[0.186s] Level 1:colcon.colcon_core.package_discovery:discover_packages(ignore) discover
[0.186s] Level 1:colcon.colcon_core.package_discovery:discover_packages(ignore) using defaults
[0.186s] Level 1:colcon.colcon_core.package_discovery:discover_packages(path) discover
[0.186s] Level 1:colcon.colcon_core.package_discovery:discover_packages(path) using defaults
[0.202s] Level 1:colcon.colcon_core.package_discovery:discover_packages(prefix_path) check parameters
[0.202s] Level 1:colcon.colcon_core.package_discovery:discover_packages(prefix_path) discover
[0.203s] DEBUG:colcon.colcon_installed_package_information.package_discovery:Found 0 installed packages in /home/sally/ros2_ws_digi_t/install
[0.203s] DEBUG:colcon.colcon_installed_package_information.package_discovery:Found 1 installed packages in /home/sally/ros2_ws/install
[0.204s] DEBUG:colcon.colcon_installed_package_information.package_discovery:Found 286 installed packages in /opt/ros/jazzy
[0.205s] Level 1:colcon.colcon_core.package_discovery:discover_packages(prefix_path) using defaults
[0.247s] Level 5:colcon.colcon_core.verb:set package 'twin_bringup' build argument 'cmake_args' from command line to 'None'
[0.247s] Level 5:colcon.colcon_core.verb:set package 'twin_bringup' build argument 'cmake_target' from command line to 'None'
[0.247s] Level 5:colcon.colcon_core.verb:set package 'twin_bringup' build argument 'cmake_target_skip_unavailable' from command line to 'False'
[0.247s] Level 5:colcon.colcon_core.verb:set package 'twin_bringup' build argument 'cmake_clean_cache' from command line to 'False'
[0.247s] Level 5:colcon.colcon_core.verb:set package 'twin_bringup' build argument 'cmake_clean_first' from command line to 'False'
[0.247s] Level 5:colcon.colcon_core.verb:set package 'twin_bringup' build argument 'cmake_force_configure' from command line to 'False'
[0.247s] Level 5:colcon.colcon_core.verb:set package 'twin_bringup' build argument 'ament_cmake_args' from command line to 'None'
[0.247s] Level 5:colcon.colcon_core.verb:set package 'twin_bringup' build argument 'catkin_cmake_args' from command line to 'None'
[0.247s] Level 5:colcon.colcon_core.verb:set package 'twin_bringup' build argument 'catkin_skip_building_tests' from command line to 'False'
[0.247s] DEBUG:colcon.colcon_core.verb:Building package 'twin_bringup' with the following arguments: {'ament_cmake_args': None, 'build_base': '/home/sally/Desktop/thesis/digi_twins/build/twin_bringup', 'catkin_cmake_args': None, 'catkin_skip_building_tests': False, 'cmake_args': None, 'cmake_clean_cache': False, 'cmake_clean_first': False, 'cmake_force_configure': False, 'cmake_target': None, 'cmake_target_skip_unavailable': False, 'install_base': '/home/sally/Desktop/thesis/digi_twins/install/twin_bringup', 'merge_install': False, 'path': '/home/sally/Desktop/thesis/digi_twins/twin_bringup', 'symlink_install': False, 'test_result_base': None}
[0.247s] Level 5:colcon.colcon_core.verb:set package 'twin_control' build argument 'cmake_args' from command line to 'None'
[0.247s] Level 5:colcon.colcon_core.verb:set package 'twin_control' build argument 'cmake_target' from command line to 'None'
[0.247s] Level 5:colcon.colcon_core.verb:set package 'twin_control' build argument 'cmake_target_skip_unavailable' from command line to 'False'
[0.247s] Level 5:colcon.colcon_core.verb:set package 'twin_control' build argument 'cmake_clean_cache' from command line to 'False'
[0.247s] Level 5:colcon.colcon_core.verb:set package 'twin_control' build argument 'cmake_clean_first' from command line to 'False'
[0.247s] Level 5:colcon.colcon_core.verb:set package 'twin_control' build argument 'cmake_force_configure' from command line to 'False'
[0.247s] Level 5:colcon.colcon_core.verb:set package 'twin_control' build argument 'ament_cmake_args' from command line to 'None'
[0.247s] Level 5:colcon.colcon_core.verb:set package 'twin_control' build argument 'catkin_cmake_args' from command line to 'None'
[0.247s] Level 5:colcon.colcon_core.verb:set package 'twin_control' build argument 'catkin_skip_building_tests' from command line to 'False'
[0.247s] DEBUG:colcon.colcon_core.verb:Building package 'twin_control' with the following arguments: {'ament_cmake_args': None, 'build_base': '/home/sally/Desktop/thesis/digi_twins/build/twin_control', 'catkin_cmake_args': None, 'catkin_skip_building_tests': False, 'cmake_args': None, 'cmake_clean_cache': False, 'cmake_clean_first': False, 'cmake_force_configure': False, 'cmake_target': None, 'cmake_target_skip_unavailable': False, 'install_base': '/home/sally/Desktop/thesis/digi_twins/install/twin_control', 'merge_install': False, 'path': '/home/sally/Desktop/thesis/digi_twins/twin_control', 'symlink_install': False, 'test_result_base': None}
[0.248s] Level 5:colcon.colcon_core.verb:set package 'twin_description' build argument 'cmake_args' from command line to 'None'
[0.248s] Level 5:colcon.colcon_core.verb:set package 'twin_description' build argument 'cmake_target' from command line to 'None'
[0.248s] Level 5:colcon.colcon_core.verb:set package 'twin_description' build argument 'cmake_target_skip_unavailable' from command line to 'False'
[0.248s] Level 5:colcon.colcon_core.verb:set package 'twin_description' build argument 'cmake_clean_cache' from command line to 'False'
[0.248s] Level 5:colcon.colcon_core.verb:set package 'twin_description' build argument 'cmake_clean_first' from command line to 'False'
[0.248s] Level 5:colcon.colcon_core.verb:set package 'twin_description' build argument 'cmake_force_configure' from command line to 'False'
[0.248s] Level 5:colcon.colcon_core.verb:set package 'twin_description' build argument 'ament_cmake_args' from command line to 'None'
[0.248s] Level 5:colcon.colcon_core.verb:set package 'twin_description' build argument 'catkin_cmake_args' from command line to 'None'
[0.248s] Level 5:colcon.colcon_core.verb:set package 'twin_description' build argument 'catkin_skip_building_tests' from command line to 'False'
[0.248s] DEBUG:colcon.colcon_core.verb:Building package 'twin_description' with the following arguments: {'ament_cmake_args': None, 'build_base': '/home/sally/Desktop/thesis/digi_twins/build/twin_description', 'catkin_cmake_args': None, 'catkin_skip_building_tests': False, 'cmake_args': None, 'cmake_clean_cache': False, 'cmake_clean_first': False, 'cmake_force_configure': False, 'cmake_target': None, 'cmake_target_skip_unavailable': False, 'install_base': '/home/sally/Desktop/thesis/digi_twins/install/twin_description', 'merge_install': False, 'path': '/home/sally/Desktop/thesis/digi_twins/twin_description', 'symlink_install': False, 'test_result_base': None}
[0.248s] Level 5:colcon.colcon_core.verb:set package 'twin_simulation' build argument 'cmake_args' from command line to 'None'
[0.248s] Level 5:colcon.colcon_core.verb:set package 'twin_simulation' build argument 'cmake_target' from command line to 'None'
[0.248s] Level 5:colcon.colcon_core.verb:set package 'twin_simulation' build argument 'cmake_target_skip_unavailable' from command line to 'False'
[0.248s] Level 5:colcon.colcon_core.verb:set package 'twin_simulation' build argument 'cmake_clean_cache' from command line to 'False'
[0.248s] Level 5:colcon.colcon_core.verb:set package 'twin_simulation' build argument 'cmake_clean_first' from command line to 'False'
[0.248s] Level 5:colcon.colcon_core.verb:set package 'twin_simulation' build argument 'cmake_force_configure' from command line to 'False'
[0.248s] Level 5:colcon.colcon_core.verb:set package 'twin_simulation' build argument 'ament_cmake_args' from command line to 'None'
[0.248s] Level 5:colcon.colcon_core.verb:set package 'twin_simulation' build argument 'catkin_cmake_args' from command line to 'None'
[0.248s] Level 5:colcon.colcon_core.verb:set package 'twin_simulation' build argument 'catkin_skip_building_tests' from command line to 'False'
[0.248s] DEBUG:colcon.colcon_core.verb:Building package 'twin_simulation' with the following arguments: {'ament_cmake_args': None, 'build_base': '/home/sally/Desktop/thesis/digi_twins/build/twin_simulation', 'catkin_cmake_args': None, 'catkin_skip_building_tests': False, 'cmake_args': None, 'cmake_clean_cache': False, 'cmake_clean_first': False, 'cmake_force_configure': False, 'cmake_target': None, 'cmake_target_skip_unavailable': False, 'install_base': '/home/sally/Desktop/thesis/digi_twins/install/twin_simulation', 'merge_install': False, 'path': '/home/sally/Desktop/thesis/digi_twins/twin_simulation', 'symlink_install': False, 'test_result_base': None}
[0.248s] INFO:colcon.colcon_core.executor:Executing jobs using 'parallel' executor
[0.249s] DEBUG:colcon.colcon_parallel_executor.executor.parallel:run_until_complete
[0.250s] INFO:colcon.colcon_ros.task.ament_python.build:Building ROS package in '/home/sally/Desktop/thesis/digi_twins/twin_bringup' with build type 'ament_python'
[0.250s] Level 1:colcon.colcon_core.shell:create_environment_hook('twin_bringup', 'ament_prefix_path')
[0.251s] INFO:colcon.colcon_core.plugin_system:Skipping extension 'colcon_core.shell.bat': Not used on non-Windows systems
[0.252s] INFO:colcon.colcon_core.shell:Creating environment hook '/home/sally/Desktop/thesis/digi_twins/install/twin_bringup/share/twin_bringup/hook/ament_prefix_path.ps1'
[0.253s] INFO:colcon.colcon_core.shell:Creating environment descriptor '/home/sally/Desktop/thesis/digi_twins/install/twin_bringup/share/twin_bringup/hook/ament_prefix_path.dsv'
[0.254s] INFO:colcon.colcon_core.shell:Creating environment hook '/home/sally/Desktop/thesis/digi_twins/install/twin_bringup/share/twin_bringup/hook/ament_prefix_path.sh'
[0.254s] INFO:colcon.colcon_core.shell:Skip shell extension 'powershell' for command environment: Not usable outside of PowerShell
[0.254s] DEBUG:colcon.colcon_core.shell:Skip shell extension 'dsv' for command environment
[0.257s] INFO:colcon.colcon_ros.task.ament_python.build:Building ROS package in '/home/sally/Desktop/thesis/digi_twins/twin_control' with build type 'ament_python'
[0.257s] Level 1:colcon.colcon_core.shell:create_environment_hook('twin_control', 'ament_prefix_path')
[0.258s] INFO:colcon.colcon_core.shell:Creating environment hook '/home/sally/Desktop/thesis/digi_twins/install/twin_control/share/twin_control/hook/ament_prefix_path.ps1'
[0.258s] INFO:colcon.colcon_core.shell:Creating environment descriptor '/home/sally/Desktop/thesis/digi_twins/install/twin_control/share/twin_control/hook/ament_prefix_path.dsv'
[0.258s] INFO:colcon.colcon_core.shell:Creating environment hook '/home/sally/Desktop/thesis/digi_twins/install/twin_control/share/twin_control/hook/ament_prefix_path.sh'
[0.259s] INFO:colcon.colcon_core.shell:Skip shell extension 'powershell' for command environment: Not usable outside of PowerShell
[0.259s] DEBUG:colcon.colcon_core.shell:Skip shell extension 'dsv' for command environment
[0.262s] INFO:colcon.colcon_ros.task.ament_python.build:Building ROS package in '/home/sally/Desktop/thesis/digi_twins/twin_description' with build type 'ament_python'
[0.262s] Level 1:colcon.colcon_core.shell:create_environment_hook('twin_description', 'ament_prefix_path')
[0.262s] INFO:colcon.colcon_core.shell:Creating environment hook '/home/sally/Desktop/thesis/digi_twins/install/twin_description/share/twin_description/hook/ament_prefix_path.ps1'
[0.263s] INFO:colcon.colcon_core.shell:Creating environment descriptor '/home/sally/Desktop/thesis/digi_twins/install/twin_description/share/twin_description/hook/ament_prefix_path.dsv'
[0.263s] INFO:colcon.colcon_core.shell:Creating environment hook '/home/sally/Desktop/thesis/digi_twins/install/twin_description/share/twin_description/hook/ament_prefix_path.sh'
[0.263s] INFO:colcon.colcon_core.shell:Skip shell extension 'powershell' for command environment: Not usable outside of PowerShell
[0.263s] DEBUG:colcon.colcon_core.shell:Skip shell extension 'dsv' for command environment
[0.266s] INFO:colcon.colcon_ros.task.ament_python.build:Building ROS package in '/home/sally/Desktop/thesis/digi_twins/twin_simulation' with build type 'ament_python'
[0.266s] Level 1:colcon.colcon_core.shell:create_environment_hook('twin_simulation', 'ament_prefix_path')
[0.266s] INFO:colcon.colcon_core.shell:Creating environment hook '/home/sally/Desktop/thesis/digi_twins/install/twin_simulation/share/twin_simulation/hook/ament_prefix_path.ps1'
[0.267s] INFO:colcon.colcon_core.shell:Creating environment descriptor '/home/sally/Desktop/thesis/digi_twins/install/twin_simulation/share/twin_simulation/hook/ament_prefix_path.dsv'
[0.267s] INFO:colcon.colcon_core.shell:Creating environment hook '/home/sally/Desktop/thesis/digi_twins/install/twin_simulation/share/twin_simulation/hook/ament_prefix_path.sh'
[0.268s] INFO:colcon.colcon_core.shell:Skip shell extension 'powershell' for command environment: Not usable outside of PowerShell
[0.268s] DEBUG:colcon.colcon_core.shell:Skip shell extension 'dsv' for command environment
[0.465s] INFO:colcon.colcon_core.task.python.build:Building Python package in '/home/sally/Desktop/thesis/digi_twins/twin_bringup'
[0.465s] INFO:colcon.colcon_core.shell:Skip shell extension 'powershell' for command environment: Not usable outside of PowerShell
[0.465s] DEBUG:colcon.colcon_core.shell:Skip shell extension 'dsv' for command environment
[0.664s] INFO:colcon.colcon_core.task.python.build:Building Python package in '/home/sally/Desktop/thesis/digi_twins/twin_control'
[0.664s] INFO:colcon.colcon_core.shell:Skip shell extension 'powershell' for command environment: Not usable outside of PowerShell
[0.664s] DEBUG:colcon.colcon_core.shell:Skip shell extension 'dsv' for command environment
[0.880s] INFO:colcon.colcon_core.task.python.build:Building Python package in '/home/sally/Desktop/thesis/digi_twins/twin_description'
[0.880s] INFO:colcon.colcon_core.shell:Skip shell extension 'powershell' for command environment: Not usable outside of PowerShell
[0.880s] DEBUG:colcon.colcon_core.shell:Skip shell extension 'dsv' for command environment
[1.082s] INFO:colcon.colcon_core.task.python.build:Building Python package in '/home/sally/Desktop/thesis/digi_twins/twin_simulation'
[1.082s] INFO:colcon.colcon_core.shell:Skip shell extension 'powershell' for command environment: Not usable outside of PowerShell
[1.082s] DEBUG:colcon.colcon_core.shell:Skip shell extension 'dsv' for command environment
[1.798s] DEBUG:colcon.colcon_core.event_handler.log_command:Invoking command in '/home/sally/Desktop/thesis/digi_twins/twin_bringup': CONDA_PROMPT_MODIFIER=(base) PYTHONPATH=/home/sally/Desktop/thesis/digi_twins/build/twin_bringup/prefix_override:/usr/lib/python3/dist-packages/colcon_core/task/python/colcon_distutils_commands:/home/sally/Desktop/thesis/digi_twins/install/twin_bringup/lib/python3.12/site-packages:${PYTHONPATH} /usr/bin/python3 -W ignore:setup.py install is deprecated -W ignore:easy_install command is deprecated setup.py egg_info --egg-base ../build/twin_bringup build --build-base /home/sally/Desktop/thesis/digi_twins/build/twin_bringup/build install --record /home/sally/Desktop/thesis/digi_twins/build/twin_bringup/install.log --single-version-externally-managed install_data
[1.808s] DEBUG:colcon.colcon_core.event_handler.log_command:Invoking command in '/home/sally/Desktop/thesis/digi_twins/twin_simulation': CONDA_PROMPT_MODIFIER=(base) PYTHONPATH=/home/sally/Desktop/thesis/digi_twins/build/twin_simulation/prefix_override:/usr/lib/python3/dist-packages/colcon_core/task/python/colcon_distutils_commands:/home/sally/Desktop/thesis/digi_twins/install/twin_simulation/lib/python3.12/site-packages:${PYTHONPATH} /usr/bin/python3 -W ignore:setup.py install is deprecated -W ignore:easy_install command is deprecated setup.py egg_info --egg-base ../build/twin_simulation build --build-base /home/sally/Desktop/thesis/digi_twins/build/twin_simulation/build install --record /home/sally/Desktop/thesis/digi_twins/build/twin_simulation/install.log --single-version-externally-managed install_data
[1.817s] DEBUG:colcon.colcon_core.event_handler.log_command:Invoking command in '/home/sally/Desktop/thesis/digi_twins/twin_description': CONDA_PROMPT_MODIFIER=(base) PYTHONPATH=/home/sally/Desktop/thesis/digi_twins/build/twin_description/prefix_override:/usr/lib/python3/dist-packages/colcon_core/task/python/colcon_distutils_commands:/home/sally/Desktop/thesis/digi_twins/install/twin_description/lib/python3.12/site-packages:${PYTHONPATH} /usr/bin/python3 -W ignore:setup.py install is deprecated -W ignore:easy_install command is deprecated setup.py egg_info --egg-base ../build/twin_description build --build-base /home/sally/Desktop/thesis/digi_twins/build/twin_description/build install --record /home/sally/Desktop/thesis/digi_twins/build/twin_description/install.log --single-version-externally-managed install_data
[1.820s] DEBUG:colcon.colcon_core.event_handler.log_command:Invoking command in '/home/sally/Desktop/thesis/digi_twins/twin_control': CONDA_PROMPT_MODIFIER=(base) PYTHONPATH=/home/sally/Desktop/thesis/digi_twins/build/twin_control/prefix_override:/usr/lib/python3/dist-packages/colcon_core/task/python/colcon_distutils_commands:/home/sally/Desktop/thesis/digi_twins/install/twin_control/lib/python3.12/site-packages:${PYTHONPATH} /usr/bin/python3 -W ignore:setup.py install is deprecated -W ignore:easy_install command is deprecated setup.py egg_info --egg-base ../build/twin_control build --build-base /home/sally/Desktop/thesis/digi_twins/build/twin_control/build install --record /home/sally/Desktop/thesis/digi_twins/build/twin_control/install.log --single-version-externally-managed install_data
[2.378s] DEBUG:colcon.colcon_core.event_handler.log_command:Invoked command in '/home/sally/Desktop/thesis/digi_twins/twin_bringup' returned '0': CONDA_PROMPT_MODIFIER=(base) PYTHONPATH=/home/sally/Desktop/thesis/digi_twins/build/twin_bringup/prefix_override:/usr/lib/python3/dist-packages/colcon_core/task/python/colcon_distutils_commands:/home/sally/Desktop/thesis/digi_twins/install/twin_bringup/lib/python3.12/site-packages:${PYTHONPATH} /usr/bin/python3 -W ignore:setup.py install is deprecated -W ignore:easy_install command is deprecated setup.py egg_info --egg-base ../build/twin_bringup build --build-base /home/sally/Desktop/thesis/digi_twins/build/twin_bringup/build install --record /home/sally/Desktop/thesis/digi_twins/build/twin_bringup/install.log --single-version-externally-managed install_data
[2.389s] Level 1:colcon.colcon_core.environment:checking '/home/sally/Desktop/thesis/digi_twins/install/twin_bringup' for CMake module files
[2.390s] Level 1:colcon.colcon_core.environment:checking '/home/sally/Desktop/thesis/digi_twins/install/twin_bringup' for CMake config files
[2.390s] Level 1:colcon.colcon_core.environment:checking '/home/sally/Desktop/thesis/digi_twins/install/twin_bringup/lib'
[2.390s] Level 1:colcon.colcon_core.environment:checking '/home/sally/Desktop/thesis/digi_twins/install/twin_bringup/bin'
[2.390s] Level 1:colcon.colcon_core.environment:checking '/home/sally/Desktop/thesis/digi_twins/install/twin_bringup/lib/pkgconfig/twin_bringup.pc'
[2.391s] Level 1:colcon.colcon_core.environment:checking '/home/sally/Desktop/thesis/digi_twins/install/twin_bringup/lib/python3.12/site-packages'
[2.391s] Level 1:colcon.colcon_core.shell:create_environment_hook('twin_bringup', 'pythonpath')
[2.391s] INFO:colcon.colcon_core.shell:Creating environment hook '/home/sally/Desktop/thesis/digi_twins/install/twin_bringup/share/twin_bringup/hook/pythonpath.ps1'
[2.391s] INFO:colcon.colcon_core.shell:Creating environment descriptor '/home/sally/Desktop/thesis/digi_twins/install/twin_bringup/share/twin_bringup/hook/pythonpath.dsv'
[2.392s] INFO:colcon.colcon_core.shell:Creating environment hook '/home/sally/Desktop/thesis/digi_twins/install/twin_bringup/share/twin_bringup/hook/pythonpath.sh'
[2.392s] Level 1:colcon.colcon_core.environment:checking '/home/sally/Desktop/thesis/digi_twins/install/twin_bringup/bin'
[2.392s] Level 1:colcon.colcon_core.environment:create_environment_scripts_only(twin_bringup)
[2.393s] INFO:colcon.colcon_core.shell:Creating package script '/home/sally/Desktop/thesis/digi_twins/install/twin_bringup/share/twin_bringup/package.ps1'
[2.393s] INFO:colcon.colcon_core.shell:Creating package descriptor '/home/sally/Desktop/thesis/digi_twins/install/twin_bringup/share/twin_bringup/package.dsv'
[2.394s] INFO:colcon.colcon_core.shell:Creating package script '/home/sally/Desktop/thesis/digi_twins/install/twin_bringup/share/twin_bringup/package.sh'
[2.395s] INFO:colcon.colcon_core.shell:Creating package script '/home/sally/Desktop/thesis/digi_twins/install/twin_bringup/share/twin_bringup/package.bash'
[2.395s] INFO:colcon.colcon_core.shell:Creating package script '/home/sally/Desktop/thesis/digi_twins/install/twin_bringup/share/twin_bringup/package.zsh'
[2.396s] Level 1:colcon.colcon_core.environment:create_file_with_runtime_dependencies(/home/sally/Desktop/thesis/digi_twins/install/twin_bringup/share/colcon-core/packages/twin_bringup)
[2.397s] Level 1:colcon.colcon_core.environment:checking '/home/sally/Desktop/thesis/digi_twins/install/twin_description' for CMake module files
[2.398s] DEBUG:colcon.colcon_core.event_handler.log_command:Invoked command in '/home/sally/Desktop/thesis/digi_twins/twin_description' returned '0': CONDA_PROMPT_MODIFIER=(base) PYTHONPATH=/home/sally/Desktop/thesis/digi_twins/build/twin_description/prefix_override:/usr/lib/python3/dist-packages/colcon_core/task/python/colcon_distutils_commands:/home/sally/Desktop/thesis/digi_twins/install/twin_description/lib/python3.12/site-packages:${PYTHONPATH} /usr/bin/python3 -W ignore:setup.py install is deprecated -W ignore:easy_install command is deprecated setup.py egg_info --egg-base ../build/twin_description build --build-base /home/sally/Desktop/thesis/digi_twins/build/twin_description/build install --record /home/sally/Desktop/thesis/digi_twins/build/twin_description/install.log --single-version-externally-managed install_data
[2.398s] Level 1:colcon.colcon_core.environment:checking '/home/sally/Desktop/thesis/digi_twins/install/twin_description' for CMake config files
[2.398s] Level 1:colcon.colcon_core.environment:checking '/home/sally/Desktop/thesis/digi_twins/install/twin_description/lib'
[2.398s] Level 1:colcon.colcon_core.environment:checking '/home/sally/Desktop/thesis/digi_twins/install/twin_description/bin'
[2.399s] Level 1:colcon.colcon_core.environment:checking '/home/sally/Desktop/thesis/digi_twins/install/twin_description/lib/pkgconfig/twin_description.pc'
[2.399s] Level 1:colcon.colcon_core.environment:checking '/home/sally/Desktop/thesis/digi_twins/install/twin_description/lib/python3.12/site-packages'
[2.399s] Level 1:colcon.colcon_core.shell:create_environment_hook('twin_description', 'pythonpath')
[2.399s] INFO:colcon.colcon_core.shell:Creating environment hook '/home/sally/Desktop/thesis/digi_twins/install/twin_description/share/twin_description/hook/pythonpath.ps1'
[2.399s] INFO:colcon.colcon_core.shell:Creating environment descriptor '/home/sally/Desktop/thesis/digi_twins/install/twin_description/share/twin_description/hook/pythonpath.dsv'
[2.400s] INFO:colcon.colcon_core.shell:Creating environment hook '/home/sally/Desktop/thesis/digi_twins/install/twin_description/share/twin_description/hook/pythonpath.sh'
[2.400s] Level 1:colcon.colcon_core.environment:checking '/home/sally/Desktop/thesis/digi_twins/install/twin_description/bin'
[2.401s] Level 1:colcon.colcon_core.environment:create_environment_scripts_only(twin_description)
[2.401s] INFO:colcon.colcon_core.shell:Creating package script '/home/sally/Desktop/thesis/digi_twins/install/twin_description/share/twin_description/package.ps1'
[2.401s] INFO:colcon.colcon_core.shell:Creating package descriptor '/home/sally/Desktop/thesis/digi_twins/install/twin_description/share/twin_description/package.dsv'
[2.402s] INFO:colcon.colcon_core.shell:Creating package script '/home/sally/Desktop/thesis/digi_twins/install/twin_description/share/twin_description/package.sh'
[2.402s] INFO:colcon.colcon_core.shell:Creating package script '/home/sally/Desktop/thesis/digi_twins/install/twin_description/share/twin_description/package.bash'
[2.402s] INFO:colcon.colcon_core.shell:Creating package script '/home/sally/Desktop/thesis/digi_twins/install/twin_description/share/twin_description/package.zsh'
[2.402s] Level 1:colcon.colcon_core.environment:create_file_with_runtime_dependencies(/home/sally/Desktop/thesis/digi_twins/install/twin_description/share/colcon-core/packages/twin_description)
[2.420s] Level 1:colcon.colcon_core.environment:checking '/home/sally/Desktop/thesis/digi_twins/install/twin_simulation' for CMake module files
[2.421s] DEBUG:colcon.colcon_core.event_handler.log_command:Invoked command in '/home/sally/Desktop/thesis/digi_twins/twin_simulation' returned '0': CONDA_PROMPT_MODIFIER=(base) PYTHONPATH=/home/sally/Desktop/thesis/digi_twins/build/twin_simulation/prefix_override:/usr/lib/python3/dist-packages/colcon_core/task/python/colcon_distutils_commands:/home/sally/Desktop/thesis/digi_twins/install/twin_simulation/lib/python3.12/site-packages:${PYTHONPATH} /usr/bin/python3 -W ignore:setup.py install is deprecated -W ignore:easy_install command is deprecated setup.py egg_info --egg-base ../build/twin_simulation build --build-base /home/sally/Desktop/thesis/digi_twins/build/twin_simulation/build install --record /home/sally/Desktop/thesis/digi_twins/build/twin_simulation/install.log --single-version-externally-managed install_data
[2.421s] Level 1:colcon.colcon_core.environment:checking '/home/sally/Desktop/thesis/digi_twins/install/twin_simulation' for CMake config files
[2.421s] Level 1:colcon.colcon_core.environment:checking '/home/sally/Desktop/thesis/digi_twins/install/twin_simulation/lib'
[2.421s] Level 1:colcon.colcon_core.environment:checking '/home/sally/Desktop/thesis/digi_twins/install/twin_simulation/bin'
[2.421s] Level 1:colcon.colcon_core.environment:checking '/home/sally/Desktop/thesis/digi_twins/install/twin_simulation/lib/pkgconfig/twin_simulation.pc'
[2.422s] Level 1:colcon.colcon_core.environment:checking '/home/sally/Desktop/thesis/digi_twins/install/twin_simulation/lib/python3.12/site-packages'
[2.422s] Level 1:colcon.colcon_core.shell:create_environment_hook('twin_simulation', 'pythonpath')
[2.422s] INFO:colcon.colcon_core.shell:Creating environment hook '/home/sally/Desktop/thesis/digi_twins/install/twin_simulation/share/twin_simulation/hook/pythonpath.ps1'
[2.422s] INFO:colcon.colcon_core.shell:Creating environment descriptor '/home/sally/Desktop/thesis/digi_twins/install/twin_simulation/share/twin_simulation/hook/pythonpath.dsv'
[2.423s] INFO:colcon.colcon_core.shell:Creating environment hook '/home/sally/Desktop/thesis/digi_twins/install/twin_simulation/share/twin_simulation/hook/pythonpath.sh'
[2.424s] Level 1:colcon.colcon_core.environment:checking '/home/sally/Desktop/thesis/digi_twins/install/twin_simulation/bin'
[2.424s] Level 1:colcon.colcon_core.environment:create_environment_scripts_only(twin_simulation)
[2.424s] INFO:colcon.colcon_core.shell:Creating package script '/home/sally/Desktop/thesis/digi_twins/install/twin_simulation/share/twin_simulation/package.ps1'
[2.424s] INFO:colcon.colcon_core.shell:Creating package descriptor '/home/sally/Desktop/thesis/digi_twins/install/twin_simulation/share/twin_simulation/package.dsv'
[2.424s] INFO:colcon.colcon_core.shell:Creating package script '/home/sally/Desktop/thesis/digi_twins/install/twin_simulation/share/twin_simulation/package.sh'
[2.425s] INFO:colcon.colcon_core.shell:Creating package script '/home/sally/Desktop/thesis/digi_twins/install/twin_simulation/share/twin_simulation/package.bash'
[2.425s] INFO:colcon.colcon_core.shell:Creating package script '/home/sally/Desktop/thesis/digi_twins/install/twin_simulation/share/twin_simulation/package.zsh'
[2.425s] Level 1:colcon.colcon_core.environment:create_file_with_runtime_dependencies(/home/sally/Desktop/thesis/digi_twins/install/twin_simulation/share/colcon-core/packages/twin_simulation)
[2.426s] Level 1:colcon.colcon_core.environment:checking '/home/sally/Desktop/thesis/digi_twins/install/twin_control' for CMake module files
[2.427s] DEBUG:colcon.colcon_core.event_handler.log_command:Invoked command in '/home/sally/Desktop/thesis/digi_twins/twin_control' returned '0': CONDA_PROMPT_MODIFIER=(base) PYTHONPATH=/home/sally/Desktop/thesis/digi_twins/build/twin_control/prefix_override:/usr/lib/python3/dist-packages/colcon_core/task/python/colcon_distutils_commands:/home/sally/Desktop/thesis/digi_twins/install/twin_control/lib/python3.12/site-packages:${PYTHONPATH} /usr/bin/python3 -W ignore:setup.py install is deprecated -W ignore:easy_install command is deprecated setup.py egg_info --egg-base ../build/twin_control build --build-base /home/sally/Desktop/thesis/digi_twins/build/twin_control/build install --record /home/sally/Desktop/thesis/digi_twins/build/twin_control/install.log --single-version-externally-managed install_data
[2.427s] Level 1:colcon.colcon_core.environment:checking '/home/sally/Desktop/thesis/digi_twins/install/twin_control' for CMake config files
[2.428s] Level 1:colcon.colcon_core.environment:checking '/home/sally/Desktop/thesis/digi_twins/install/twin_control/lib'
[2.428s] Level 1:colcon.colcon_core.environment:checking '/home/sally/Desktop/thesis/digi_twins/install/twin_control/bin'
[2.428s] Level 1:colcon.colcon_core.environment:checking '/home/sally/Desktop/thesis/digi_twins/install/twin_control/lib/pkgconfig/twin_control.pc'
[2.428s] Level 1:colcon.colcon_core.environment:checking '/home/sally/Desktop/thesis/digi_twins/install/twin_control/lib/python3.12/site-packages'
[2.428s] Level 1:colcon.colcon_core.shell:create_environment_hook('twin_control', 'pythonpath')
[2.428s] INFO:colcon.colcon_core.shell:Creating environment hook '/home/sally/Desktop/thesis/digi_twins/install/twin_control/share/twin_control/hook/pythonpath.ps1'
[2.429s] INFO:colcon.colcon_core.shell:Creating environment descriptor '/home/sally/Desktop/thesis/digi_twins/install/twin_control/share/twin_control/hook/pythonpath.dsv'
[2.429s] INFO:colcon.colcon_core.shell:Creating environment hook '/home/sally/Desktop/thesis/digi_twins/install/twin_control/share/twin_control/hook/pythonpath.sh'
[2.429s] Level 1:colcon.colcon_core.environment:checking '/home/sally/Desktop/thesis/digi_twins/install/twin_control/bin'
[2.429s] Level 1:colcon.colcon_core.environment:create_environment_scripts_only(twin_control)
[2.430s] INFO:colcon.colcon_core.shell:Creating package script '/home/sally/Desktop/thesis/digi_twins/install/twin_control/share/twin_control/package.ps1'
[2.430s] INFO:colcon.colcon_core.shell:Creating package descriptor '/home/sally/Desktop/thesis/digi_twins/install/twin_control/share/twin_control/package.dsv'
[2.430s] INFO:colcon.colcon_core.shell:Creating package script '/home/sally/Desktop/thesis/digi_twins/install/twin_control/share/twin_control/package.sh'
[2.431s] INFO:colcon.colcon_core.shell:Creating package script '/home/sally/Desktop/thesis/digi_twins/install/twin_control/share/twin_control/package.bash'
[2.431s] INFO:colcon.colcon_core.shell:Creating package script '/home/sally/Desktop/thesis/digi_twins/install/twin_control/share/twin_control/package.zsh'
[2.431s] Level 1:colcon.colcon_core.environment:create_file_with_runtime_dependencies(/home/sally/Desktop/thesis/digi_twins/install/twin_control/share/colcon-core/packages/twin_control)
[2.431s] DEBUG:colcon.colcon_parallel_executor.executor.parallel:closing loop
[2.432s] DEBUG:colcon.colcon_parallel_executor.executor.parallel:loop closed
[2.432s] DEBUG:colcon.colcon_parallel_executor.executor.parallel:run_until_complete finished with '0'
[2.432s] DEBUG:colcon.colcon_core.event_reactor:joining thread
[2.436s] INFO:colcon.colcon_core.plugin_system:Skipping extension 'colcon_notification.desktop_notification.terminal_notifier': Not used on non-Darwin systems
[2.436s] INFO:colcon.colcon_core.plugin_system:Skipping extension 'colcon_notification.desktop_notification.win32': Not used on non-Windows systems
[2.436s] INFO:colcon.colcon_notification.desktop_notification:Sending desktop notification using 'notify2'
[2.452s] DEBUG:colcon.colcon_core.event_reactor:joined thread
[2.452s] INFO:colcon.colcon_core.shell:Creating prefix script '/home/sally/Desktop/thesis/digi_twins/install/local_setup.ps1'
[2.453s] INFO:colcon.colcon_core.shell:Creating prefix util module '/home/sally/Desktop/thesis/digi_twins/install/_local_setup_util_ps1.py'
[2.454s] INFO:colcon.colcon_core.shell:Creating prefix chain script '/home/sally/Desktop/thesis/digi_twins/install/setup.ps1'
[2.455s] INFO:colcon.colcon_core.shell:Creating prefix script '/home/sally/Desktop/thesis/digi_twins/install/local_setup.sh'
[2.455s] INFO:colcon.colcon_core.shell:Creating prefix util module '/home/sally/Desktop/thesis/digi_twins/install/_local_setup_util_sh.py'
[2.456s] INFO:colcon.colcon_core.shell:Creating prefix chain script '/home/sally/Desktop/thesis/digi_twins/install/setup.sh'
[2.456s] INFO:colcon.colcon_core.shell:Creating prefix script '/home/sally/Desktop/thesis/digi_twins/install/local_setup.bash'
[2.457s] INFO:colcon.colcon_core.shell:Creating prefix chain script '/home/sally/Desktop/thesis/digi_twins/install/setup.bash'
[2.457s] INFO:colcon.colcon_core.shell:Creating prefix script '/home/sally/Desktop/thesis/digi_twins/install/local_setup.zsh'
[2.458s] INFO:colcon.colcon_core.shell:Creating prefix chain script '/home/sally/Desktop/thesis/digi_twins/install/setup.zsh'
