running egg_info
creating ../build/twin_description/twin_description.egg-info
writing ../build/twin_description/twin_description.egg-info/PKG-INFO
writing dependency_links to ../build/twin_description/twin_description.egg-info/dependency_links.txt
writing requirements to ../build/twin_description/twin_description.egg-info/requires.txt
writing top-level names to ../build/twin_description/twin_description.egg-info/top_level.txt
writing manifest file '../build/twin_description/twin_description.egg-info/SOURCES.txt'
reading manifest file '../build/twin_description/twin_description.egg-info/SOURCES.txt'
writing manifest file '../build/twin_description/twin_description.egg-info/SOURCES.txt'
running build
running build_py
creating /home/sally/Desktop/thesis/digi_twins/build/twin_description/build
creating /home/sally/Desktop/thesis/digi_twins/build/twin_description/build/lib
creating /home/sally/Desktop/thesis/digi_twins/build/twin_description/build/lib/twin_description
copying twin_description/__init__.py -> /home/sally/Desktop/thesis/digi_twins/build/twin_description/build/lib/twin_description
running install
running install_lib
creating /home/sally/Desktop/thesis/digi_twins/install/twin_description/lib/python3.12/site-packages/twin_description
copying /home/sally/Desktop/thesis/digi_twins/build/twin_description/build/lib/twin_description/__init__.py -> /home/sally/Desktop/thesis/digi_twins/install/twin_description/lib/python3.12/site-packages/twin_description
byte-compiling /home/sally/Desktop/thesis/digi_twins/install/twin_description/lib/python3.12/site-packages/twin_description/__init__.py to __init__.cpython-312.pyc
running install_data
creating /home/sally/Desktop/thesis/digi_twins/install/twin_description/share/ament_index
creating /home/sally/Desktop/thesis/digi_twins/install/twin_description/share/ament_index/resource_index
creating /home/sally/Desktop/thesis/digi_twins/install/twin_description/share/ament_index/resource_index/packages
copying resource/twin_description -> /home/sally/Desktop/thesis/digi_twins/install/twin_description/share/ament_index/resource_index/packages
copying package.xml -> /home/sally/Desktop/thesis/digi_twins/install/twin_description/share/twin_description
creating /home/sally/Desktop/thesis/digi_twins/install/twin_description/share/twin_description/launch
creating /home/sally/Desktop/thesis/digi_twins/install/twin_description/share/twin_description/config
running install_egg_info
Copying ../build/twin_description/twin_description.egg-info to /home/sally/Desktop/thesis/digi_twins/install/twin_description/lib/python3.12/site-packages/twin_description-0.1.0-py3.12.egg-info
running install_scripts
writing list of installed files to '/home/sally/Desktop/thesis/digi_twins/build/twin_description/install.log'
