[1.555s] Invoking command in '/home/sally/Desktop/thesis/digi_twins/twin_description': CONDA_PROMPT_MODIFIER=(base) PYTHONPATH=/home/sally/Desktop/thesis/digi_twins/build/twin_description/prefix_override:/usr/lib/python3/dist-packages/colcon_core/task/python/colcon_distutils_commands:/home/sally/Desktop/thesis/digi_twins/install/twin_description/lib/python3.12/site-packages:${PYTHONPATH} /usr/bin/python3 -W ignore:setup.py install is deprecated -W ignore:easy_install command is deprecated setup.py egg_info --egg-base ../build/twin_description build --build-base /home/sally/Desktop/thesis/digi_twins/build/twin_description/build install --record /home/sally/Desktop/thesis/digi_twins/build/twin_description/install.log --single-version-externally-managed install_data
[1.840s] running egg_info
[1.840s] creating ../build/twin_description/twin_description.egg-info
[1.862s] writing ../build/twin_description/twin_description.egg-info/PKG-INFO
[1.862s] writing dependency_links to ../build/twin_description/twin_description.egg-info/dependency_links.txt
[1.863s] writing requirements to ../build/twin_description/twin_description.egg-info/requires.txt
[1.863s] writing top-level names to ../build/twin_description/twin_description.egg-info/top_level.txt
[1.863s] writing manifest file '../build/twin_description/twin_description.egg-info/SOURCES.txt'
[1.909s] reading manifest file '../build/twin_description/twin_description.egg-info/SOURCES.txt'
[1.910s] writing manifest file '../build/twin_description/twin_description.egg-info/SOURCES.txt'
[1.910s] running build
[1.910s] running build_py
[1.910s] creating /home/sally/Desktop/thesis/digi_twins/build/twin_description/build
[1.910s] creating /home/sally/Desktop/thesis/digi_twins/build/twin_description/build/lib
[1.910s] creating /home/sally/Desktop/thesis/digi_twins/build/twin_description/build/lib/twin_description
[1.910s] copying twin_description/__init__.py -> /home/sally/Desktop/thesis/digi_twins/build/twin_description/build/lib/twin_description
[1.910s] running install
[1.917s] running install_lib
[1.940s] creating /home/sally/Desktop/thesis/digi_twins/install/twin_description/lib/python3.12/site-packages/twin_description
[1.940s] copying /home/sally/Desktop/thesis/digi_twins/build/twin_description/build/lib/twin_description/__init__.py -> /home/sally/Desktop/thesis/digi_twins/install/twin_description/lib/python3.12/site-packages/twin_description
[1.940s] byte-compiling /home/sally/Desktop/thesis/digi_twins/install/twin_description/lib/python3.12/site-packages/twin_description/__init__.py to __init__.cpython-312.pyc
[1.940s] running install_data
[1.941s] creating /home/sally/Desktop/thesis/digi_twins/install/twin_description/share/ament_index
[1.941s] creating /home/sally/Desktop/thesis/digi_twins/install/twin_description/share/ament_index/resource_index
[1.941s] creating /home/sally/Desktop/thesis/digi_twins/install/twin_description/share/ament_index/resource_index/packages
[1.941s] copying resource/twin_description -> /home/sally/Desktop/thesis/digi_twins/install/twin_description/share/ament_index/resource_index/packages
[1.941s] copying package.xml -> /home/sally/Desktop/thesis/digi_twins/install/twin_description/share/twin_description
[1.941s] creating /home/sally/Desktop/thesis/digi_twins/install/twin_description/share/twin_description/launch
[1.941s] creating /home/sally/Desktop/thesis/digi_twins/install/twin_description/share/twin_description/config
[1.942s] running install_egg_info
[1.964s] Copying ../build/twin_description/twin_description.egg-info to /home/sally/Desktop/thesis/digi_twins/install/twin_description/lib/python3.12/site-packages/twin_description-0.1.0-py3.12.egg-info
[1.965s] running install_scripts
[2.105s] writing list of installed files to '/home/sally/Desktop/thesis/digi_twins/build/twin_description/install.log'
[2.135s] Invoked command in '/home/sally/Desktop/thesis/digi_twins/twin_description' returned '0': CONDA_PROMPT_MODIFIER=(base) PYTHONPATH=/home/sally/Desktop/thesis/digi_twins/build/twin_description/prefix_override:/usr/lib/python3/dist-packages/colcon_core/task/python/colcon_distutils_commands:/home/sally/Desktop/thesis/digi_twins/install/twin_description/lib/python3.12/site-packages:${PYTHONPATH} /usr/bin/python3 -W ignore:setup.py install is deprecated -W ignore:easy_install command is deprecated setup.py egg_info --egg-base ../build/twin_description build --build-base /home/sally/Desktop/thesis/digi_twins/build/twin_description/build install --record /home/sally/Desktop/thesis/digi_twins/build/twin_description/install.log --single-version-externally-managed install_data
